2021-10-12T03:32:40+00:00 NOTICE action_scheduler.queue_job :: MailChimp_WooCommerce_Single_Order starts in 90 seconds :: obj_id 13534
2021-10-12T03:32:58+00:00 NOTICE debug :: Order ID 13534 was pending and is now processing :: Array
(
    [new_order] => 1
    [tracking] => Array
        (
            [campaign_id] => 
            [landing_site] => https://dorgora.com/wp-admin/admin-ajax.php
        )

)

2021-10-12T03:34:57+00:00 NOTICE order.member.updated :: Updated billahnorm@gmail.com subscriber status to subscribed and language to en
2021-10-12T03:34:57+00:00 NOTICE order_submit.success :: addStoreOrder :: #BPL-013150 :: email: billahnorm@gmail.com :: landing site https://dorgora.com/wp-admin/admin-ajax.php
2021-10-12T03:36:16+00:00 NOTICE action_scheduler.queue_job :: MailChimp_WooCommerce_Single_Product starts in 5 seconds :: obj_id 13016
2021-10-12T03:37:03+00:00 NOTICE product_submit.success :: updateStoreProduct :: #13016
2021-10-12T03:41:31+00:00 NOTICE action_scheduler.queue_job :: MailChimp_WooCommerce_Single_Order starts in 90 seconds :: obj_id 13535
2021-10-12T03:41:48+00:00 NOTICE debug :: Order ID 13535 was pending and is now processing :: Array
(
    [new_order] => 1
    [tracking] => Array
        (
            [campaign_id] => 
            [landing_site] => https://dorgora.com/wp-admin/admin-ajax.php
        )

)

2021-10-12T03:43:30+00:00 NOTICE order.member.updated :: Updated sh.mullick@dorgora.com subscriber status to transactional and language to en
2021-10-12T03:43:30+00:00 NOTICE order_submit.success :: addStoreOrder :: #BPL-013151 :: email: sh.mullick@dorgora.com :: landing site https://dorgora.com/wp-admin/admin-ajax.php
2021-10-12T03:51:28+00:00 NOTICE action_scheduler.queue_job :: MailChimp_WooCommerce_Single_Product starts in 5 seconds :: obj_id 13421
2021-10-12T03:51:38+00:00 NOTICE action_scheduler.queue_job :: MailChimp_WooCommerce_Single_Product starts in 5 seconds :: obj_id 13422
2021-10-12T03:51:40+00:00 NOTICE product_submit.success :: updateStoreProduct :: #13421
2021-10-12T03:51:46+00:00 NOTICE product_submit.success :: updateStoreProduct :: #13422
2021-10-12T03:51:52+00:00 NOTICE action_scheduler.queue_job :: MailChimp_WooCommerce_Single_Product starts in 5 seconds :: obj_id 13424
2021-10-12T03:52:03+00:00 NOTICE product_submit.success :: updateStoreProduct :: #13424
2021-10-12T03:52:05+00:00 NOTICE action_scheduler.queue_job :: MailChimp_WooCommerce_Single_Product starts in 5 seconds :: obj_id 13413
2021-10-12T03:52:23+00:00 NOTICE action_scheduler.queue_job :: MailChimp_WooCommerce_Single_Product starts in 5 seconds :: obj_id 13414
2021-10-12T03:52:34+00:00 NOTICE action_scheduler.queue_job :: MailChimp_WooCommerce_Single_Product starts in 5 seconds :: obj_id 13415
2021-10-12T03:52:47+00:00 NOTICE action_scheduler.queue_job :: MailChimp_WooCommerce_Single_Product starts in 5 seconds :: obj_id 13416
2021-10-12T03:52:48+00:00 NOTICE product_submit.success :: updateStoreProduct :: #13413
2021-10-12T03:52:48+00:00 NOTICE product_submit.success :: updateStoreProduct :: #13414
2021-10-12T03:52:49+00:00 NOTICE product_submit.success :: updateStoreProduct :: #13415
2021-10-12T03:52:55+00:00 NOTICE product_submit.success :: updateStoreProduct :: #13416
2021-10-12T03:52:59+00:00 NOTICE action_scheduler.queue_job :: MailChimp_WooCommerce_Single_Product starts in 5 seconds :: obj_id 13417
2021-10-12T03:53:07+00:00 NOTICE product_submit.success :: updateStoreProduct :: #13417
2021-10-12T03:53:10+00:00 NOTICE action_scheduler.queue_job :: MailChimp_WooCommerce_Single_Product starts in 5 seconds :: obj_id 13418
2021-10-12T03:53:19+00:00 NOTICE product_submit.success :: updateStoreProduct :: #13418
2021-10-12T03:53:22+00:00 NOTICE action_scheduler.queue_job :: MailChimp_WooCommerce_Single_Product starts in 5 seconds :: obj_id 13419
2021-10-12T03:53:31+00:00 NOTICE product_submit.success :: updateStoreProduct :: #13419
2021-10-12T03:53:36+00:00 NOTICE action_scheduler.queue_job :: MailChimp_WooCommerce_Single_Product starts in 5 seconds :: obj_id 13420
2021-10-12T03:53:43+00:00 NOTICE product_submit.success :: updateStoreProduct :: #13420
2021-10-12T03:53:49+00:00 NOTICE action_scheduler.queue_job :: MailChimp_WooCommerce_Single_Product starts in 5 seconds :: obj_id 13405
2021-10-12T03:53:57+00:00 NOTICE product_submit.success :: updateStoreProduct :: #13405
2021-10-12T03:54:03+00:00 NOTICE action_scheduler.queue_job :: MailChimp_WooCommerce_Single_Product starts in 5 seconds :: obj_id 13406
2021-10-12T03:54:53+00:00 NOTICE product_submit.success :: updateStoreProduct :: #13406
2021-10-12T03:59:57+00:00 NOTICE action_scheduler.queue_job :: MailChimp_WooCommerce_Single_Product starts in 5 seconds :: obj_id 13407
2021-10-12T04:00:12+00:00 NOTICE action_scheduler.queue_job :: MailChimp_WooCommerce_Single_Product starts in 5 seconds :: obj_id 13408
2021-10-12T04:00:25+00:00 NOTICE action_scheduler.queue_job :: MailChimp_WooCommerce_Single_Product starts in 5 seconds :: obj_id 13409
2021-10-12T04:00:39+00:00 NOTICE action_scheduler.queue_job :: MailChimp_WooCommerce_Single_Product starts in 5 seconds :: obj_id 13410
2021-10-12T04:00:41+00:00 NOTICE product_submit.success :: updateStoreProduct :: #13407
2021-10-12T04:00:41+00:00 NOTICE product_submit.success :: updateStoreProduct :: #13408
2021-10-12T04:00:42+00:00 NOTICE product_submit.success :: updateStoreProduct :: #13409
2021-10-12T04:00:49+00:00 NOTICE product_submit.success :: updateStoreProduct :: #13410
2021-10-12T04:00:55+00:00 NOTICE action_scheduler.queue_job :: MailChimp_WooCommerce_Single_Product starts in 5 seconds :: obj_id 13411
2021-10-12T04:01:11+00:00 NOTICE action_scheduler.queue_job :: MailChimp_WooCommerce_Single_Product starts in 5 seconds :: obj_id 13412
2021-10-12T04:01:23+00:00 NOTICE action_scheduler.queue_job :: MailChimp_WooCommerce_Single_Product starts in 5 seconds :: obj_id 13402
2021-10-12T04:01:37+00:00 NOTICE action_scheduler.queue_job :: MailChimp_WooCommerce_Single_Product starts in 5 seconds :: obj_id 13403
2021-10-12T04:01:52+00:00 NOTICE action_scheduler.queue_job :: MailChimp_WooCommerce_Single_Product starts in 5 seconds :: obj_id 13404
2021-10-12T04:01:54+00:00 NOTICE product_submit.success :: updateStoreProduct :: #13411
2021-10-12T04:01:55+00:00 NOTICE product_submit.success :: updateStoreProduct :: #13412
2021-10-12T04:01:56+00:00 NOTICE product_submit.success :: updateStoreProduct :: #13402
2021-10-12T04:01:57+00:00 NOTICE product_submit.success :: updateStoreProduct :: #13403
2021-10-12T04:01:57+00:00 NOTICE product_submit.success :: updateStoreProduct :: #13404
2021-10-12T04:02:19+00:00 NOTICE action_scheduler.queue_job :: MailChimp_WooCommerce_Single_Product starts in 5 seconds :: obj_id 13140
2021-10-12T04:02:34+00:00 NOTICE action_scheduler.queue_job :: MailChimp_WooCommerce_Single_Product starts in 5 seconds :: obj_id 13116
2021-10-12T04:03:06+00:00 NOTICE product_submit.success :: updateStoreProduct :: #13140
2021-10-12T04:03:07+00:00 NOTICE product_submit.success :: updateStoreProduct :: #13116
2021-10-12T04:03:38+00:00 NOTICE action_scheduler.queue_job :: MailChimp_WooCommerce_Single_Product starts in 5 seconds :: obj_id 13111
2021-10-12T04:03:56+00:00 NOTICE product_submit.success :: updateStoreProduct :: #13111
2021-10-12T04:06:39+00:00 NOTICE action_scheduler.queue_job :: MailChimp_WooCommerce_Single_Product starts in 5 seconds :: obj_id 13092
2021-10-12T04:06:52+00:00 NOTICE action_scheduler.queue_job :: MailChimp_WooCommerce_Single_Product starts in 5 seconds :: obj_id 13054
2021-10-12T04:06:56+00:00 NOTICE product_submit.success :: updateStoreProduct :: #13092
2021-10-12T04:07:05+00:00 NOTICE action_scheduler.queue_job :: MailChimp_WooCommerce_Single_Product starts in 5 seconds :: obj_id 13051
2021-10-12T04:07:06+00:00 NOTICE product_submit.success :: updateStoreProduct :: #13054
2021-10-12T04:07:12+00:00 NOTICE product_submit.success :: updateStoreProduct :: #13051
2021-10-12T04:07:20+00:00 NOTICE action_scheduler.queue_job :: MailChimp_WooCommerce_Single_Product starts in 5 seconds :: obj_id 13040
2021-10-12T04:07:35+00:00 NOTICE action_scheduler.queue_job :: MailChimp_WooCommerce_Single_Product starts in 5 seconds :: obj_id 13037
2021-10-12T04:07:47+00:00 NOTICE action_scheduler.queue_job :: MailChimp_WooCommerce_Single_Product starts in 5 seconds :: obj_id 13034
2021-10-12T04:07:55+00:00 NOTICE product_submit.success :: updateStoreProduct :: #13040
2021-10-12T04:07:56+00:00 NOTICE product_submit.success :: updateStoreProduct :: #13037
2021-10-12T04:07:57+00:00 NOTICE product_submit.success :: updateStoreProduct :: #13034
2021-10-12T04:08:01+00:00 NOTICE action_scheduler.queue_job :: MailChimp_WooCommerce_Single_Product starts in 5 seconds :: obj_id 13027
2021-10-12T04:08:09+00:00 NOTICE product_submit.success :: updateStoreProduct :: #13027
2021-10-12T04:08:20+00:00 NOTICE action_scheduler.queue_job :: MailChimp_WooCommerce_Single_Product starts in 5 seconds :: obj_id 13020
2021-10-12T04:08:35+00:00 NOTICE action_scheduler.queue_job :: MailChimp_WooCommerce_Single_Product starts in 5 seconds :: obj_id 13016
2021-10-12T04:08:50+00:00 NOTICE action_scheduler.queue_job :: MailChimp_WooCommerce_Single_Product starts in 5 seconds :: obj_id 13005
2021-10-12T04:09:00+00:00 NOTICE product_submit.success :: updateStoreProduct :: #13020
2021-10-12T04:09:01+00:00 NOTICE product_submit.success :: updateStoreProduct :: #13016
2021-10-12T04:09:02+00:00 NOTICE product_submit.success :: updateStoreProduct :: #13005
2021-10-12T04:09:03+00:00 NOTICE action_scheduler.queue_job :: MailChimp_WooCommerce_Single_Product starts in 5 seconds :: obj_id 12922
2021-10-12T04:09:17+00:00 NOTICE action_scheduler.queue_job :: MailChimp_WooCommerce_Single_Product starts in 5 seconds :: obj_id 12897
2021-10-12T04:09:20+00:00 NOTICE product_submit.success :: updateStoreProduct :: #12922
2021-10-12T04:09:26+00:00 NOTICE product_submit.success :: updateStoreProduct :: #12897
2021-10-12T04:09:31+00:00 NOTICE action_scheduler.queue_job :: MailChimp_WooCommerce_Single_Product starts in 5 seconds :: obj_id 12894
2021-10-12T04:09:38+00:00 NOTICE product_submit.success :: updateStoreProduct :: #12894
2021-10-12T04:09:42+00:00 NOTICE action_scheduler.queue_job :: MailChimp_WooCommerce_Single_Product starts in 5 seconds :: obj_id 12891
2021-10-12T04:09:49+00:00 NOTICE product_submit.success :: updateStoreProduct :: #12891
2021-10-12T04:09:56+00:00 NOTICE action_scheduler.queue_job :: MailChimp_WooCommerce_Single_Product starts in 5 seconds :: obj_id 12886
2021-10-12T04:10:12+00:00 NOTICE action_scheduler.queue_job :: MailChimp_WooCommerce_Single_Product starts in 5 seconds :: obj_id 12882
2021-10-12T04:10:24+00:00 NOTICE product_submit.success :: updateStoreProduct :: #12886
2021-10-12T04:10:24+00:00 NOTICE action_scheduler.queue_job :: MailChimp_WooCommerce_Single_Product starts in 5 seconds :: obj_id 12880
2021-10-12T04:10:25+00:00 NOTICE product_submit.success :: updateStoreProduct :: #12882
2021-10-12T04:10:31+00:00 NOTICE product_submit.success :: updateStoreProduct :: #12880
2021-10-12T04:11:07+00:00 NOTICE action_scheduler.queue_job :: MailChimp_WooCommerce_Single_Product starts in 5 seconds :: obj_id 12835
2021-10-12T04:11:22+00:00 NOTICE action_scheduler.queue_job :: MailChimp_WooCommerce_Single_Product starts in 5 seconds :: obj_id 12833
2021-10-12T04:11:40+00:00 NOTICE action_scheduler.queue_job :: MailChimp_WooCommerce_Single_Product starts in 5 seconds :: obj_id 12828
2021-10-12T04:11:40+00:00 NOTICE product_submit.success :: updateStoreProduct :: #12835
2021-10-12T04:11:41+00:00 NOTICE product_submit.success :: updateStoreProduct :: #12833
2021-10-12T04:11:47+00:00 NOTICE product_submit.success :: updateStoreProduct :: #12828
2021-10-12T04:12:08+00:00 NOTICE action_scheduler.queue_job :: MailChimp_WooCommerce_Single_Product starts in 5 seconds :: obj_id 12826
2021-10-12T04:12:25+00:00 NOTICE action_scheduler.queue_job :: MailChimp_WooCommerce_Single_Product starts in 5 seconds :: obj_id 12821
2021-10-12T04:12:50+00:00 NOTICE action_scheduler.queue_job :: MailChimp_WooCommerce_Single_Product starts in 5 seconds :: obj_id 12820
2021-10-12T04:12:53+00:00 NOTICE product_submit.success :: updateStoreProduct :: #12826
2021-10-12T04:12:53+00:00 NOTICE product_submit.success :: updateStoreProduct :: #12821
2021-10-12T04:12:57+00:00 NOTICE product_submit.success :: updateStoreProduct :: #12820
2021-10-12T04:13:32+00:00 NOTICE action_scheduler.queue_job :: MailChimp_WooCommerce_Single_Product starts in 5 seconds :: obj_id 12807
2021-10-12T04:13:51+00:00 NOTICE action_scheduler.queue_job :: MailChimp_WooCommerce_Single_Product starts in 5 seconds :: obj_id 12801
2021-10-12T04:13:53+00:00 NOTICE product_submit.success :: updateStoreProduct :: #12807
2021-10-12T04:13:59+00:00 NOTICE product_submit.success :: updateStoreProduct :: #12801
2021-10-12T04:14:04+00:00 NOTICE action_scheduler.queue_job :: MailChimp_WooCommerce_Single_Product starts in 5 seconds :: obj_id 12792
2021-10-12T04:14:11+00:00 NOTICE product_submit.success :: updateStoreProduct :: #12792
2021-10-12T04:14:23+00:00 NOTICE action_scheduler.queue_job :: MailChimp_WooCommerce_Single_Product starts in 5 seconds :: obj_id 12790
2021-10-12T04:14:35+00:00 NOTICE action_scheduler.queue_job :: MailChimp_WooCommerce_Single_Product starts in 5 seconds :: obj_id 12788
2021-10-12T04:14:48+00:00 NOTICE action_scheduler.queue_job :: MailChimp_WooCommerce_Single_Product starts in 5 seconds :: obj_id 12786
2021-10-12T04:14:56+00:00 NOTICE product_submit.success :: updateStoreProduct :: #12790
2021-10-12T04:14:56+00:00 NOTICE product_submit.success :: updateStoreProduct :: #12788
2021-10-12T04:14:57+00:00 NOTICE product_submit.success :: updateStoreProduct :: #12786
2021-10-12T04:15:01+00:00 NOTICE action_scheduler.queue_job :: MailChimp_WooCommerce_Single_Product starts in 5 seconds :: obj_id 12722
2021-10-12T04:15:08+00:00 NOTICE product_submit.success :: updateStoreProduct :: #12722
2021-10-12T04:15:13+00:00 NOTICE action_scheduler.queue_job :: MailChimp_WooCommerce_Single_Product starts in 5 seconds :: obj_id 12723
2021-10-12T04:15:20+00:00 NOTICE product_submit.success :: updateStoreProduct :: #12723
2021-10-12T04:15:23+00:00 NOTICE action_scheduler.queue_job :: MailChimp_WooCommerce_Single_Product starts in 5 seconds :: obj_id 12724
2021-10-12T04:15:32+00:00 NOTICE product_submit.success :: updateStoreProduct :: #12724
2021-10-12T04:15:36+00:00 NOTICE action_scheduler.queue_job :: MailChimp_WooCommerce_Single_Product starts in 5 seconds :: obj_id 12719
2021-10-12T04:15:44+00:00 NOTICE product_submit.success :: updateStoreProduct :: #12719
2021-10-12T04:15:49+00:00 NOTICE action_scheduler.queue_job :: MailChimp_WooCommerce_Single_Product starts in 5 seconds :: obj_id 12720
2021-10-12T04:15:56+00:00 NOTICE product_submit.success :: updateStoreProduct :: #12720
2021-10-12T04:16:01+00:00 NOTICE action_scheduler.queue_job :: MailChimp_WooCommerce_Single_Product starts in 5 seconds :: obj_id 12721
2021-10-12T04:16:07+00:00 NOTICE product_submit.success :: updateStoreProduct :: #12721
2021-10-12T04:16:12+00:00 NOTICE action_scheduler.queue_job :: MailChimp_WooCommerce_Single_Product starts in 5 seconds :: obj_id 12716
2021-10-12T04:16:19+00:00 NOTICE product_submit.success :: updateStoreProduct :: #12716
2021-10-12T04:16:32+00:00 NOTICE action_scheduler.queue_job :: MailChimp_WooCommerce_Single_Product starts in 5 seconds :: obj_id 12717
2021-10-12T04:16:42+00:00 NOTICE action_scheduler.queue_job :: MailChimp_WooCommerce_Single_Product starts in 5 seconds :: obj_id 12718
2021-10-12T04:16:55+00:00 NOTICE action_scheduler.queue_job :: MailChimp_WooCommerce_Single_Product starts in 5 seconds :: obj_id 12714
2021-10-12T04:16:56+00:00 NOTICE product_submit.success :: updateStoreProduct :: #12717
2021-10-12T04:16:57+00:00 NOTICE product_submit.success :: updateStoreProduct :: #12718
2021-10-12T04:17:08+00:00 NOTICE product_submit.success :: updateStoreProduct :: #12714
2021-10-12T04:17:13+00:00 NOTICE action_scheduler.queue_job :: MailChimp_WooCommerce_Single_Product starts in 5 seconds :: obj_id 12715
2021-10-12T04:17:24+00:00 NOTICE action_scheduler.queue_job :: MailChimp_WooCommerce_Single_Product starts in 5 seconds :: obj_id 12712
2021-10-12T04:17:36+00:00 NOTICE action_scheduler.queue_job :: MailChimp_WooCommerce_Single_Product starts in 5 seconds :: obj_id 12713
2021-10-12T04:17:46+00:00 NOTICE action_scheduler.queue_job :: MailChimp_WooCommerce_Single_Product starts in 5 seconds :: obj_id 12711
2021-10-12T04:18:00+00:00 NOTICE product_submit.success :: updateStoreProduct :: #12715
2021-10-12T04:18:01+00:00 NOTICE product_submit.success :: updateStoreProduct :: #12712
2021-10-12T04:18:01+00:00 NOTICE product_submit.success :: updateStoreProduct :: #12713
2021-10-12T04:18:02+00:00 NOTICE product_submit.success :: updateStoreProduct :: #12711
2021-10-12T04:18:05+00:00 NOTICE action_scheduler.queue_job :: MailChimp_WooCommerce_Single_Product starts in 5 seconds :: obj_id 12708
2021-10-12T04:18:16+00:00 NOTICE action_scheduler.queue_job :: MailChimp_WooCommerce_Single_Product starts in 5 seconds :: obj_id 12709
2021-10-12T04:18:17+00:00 NOTICE product_submit.success :: updateStoreProduct :: #12708
2021-10-12T04:18:23+00:00 NOTICE product_submit.success :: updateStoreProduct :: #12709
2021-10-12T04:18:26+00:00 NOTICE action_scheduler.queue_job :: MailChimp_WooCommerce_Single_Product starts in 5 seconds :: obj_id 12710
2021-10-12T04:18:35+00:00 NOTICE product_submit.success :: updateStoreProduct :: #12710
2021-10-12T04:18:38+00:00 NOTICE action_scheduler.queue_job :: MailChimp_WooCommerce_Single_Product starts in 5 seconds :: obj_id 12705
2021-10-12T04:18:47+00:00 NOTICE product_submit.success :: updateStoreProduct :: #12705
2021-10-12T04:19:02+00:00 NOTICE action_scheduler.queue_job :: MailChimp_WooCommerce_Single_Product starts in 5 seconds :: obj_id 12706
2021-10-12T04:19:16+00:00 NOTICE action_scheduler.queue_job :: MailChimp_WooCommerce_Single_Product starts in 5 seconds :: obj_id 12707
2021-10-12T04:19:18+00:00 NOTICE product_submit.success :: updateStoreProduct :: #12706
2021-10-12T04:19:24+00:00 NOTICE product_submit.success :: updateStoreProduct :: #12707
2021-10-12T04:19:27+00:00 NOTICE action_scheduler.queue_job :: MailChimp_WooCommerce_Single_Product starts in 5 seconds :: obj_id 12704
2021-10-12T04:19:36+00:00 NOTICE product_submit.success :: updateStoreProduct :: #12704
2021-10-12T04:20:22+00:00 NOTICE action_scheduler.queue_job :: MailChimp_WooCommerce_Single_Product starts in 5 seconds :: obj_id 12660
2021-10-12T04:20:28+00:00 NOTICE product_submit.success :: updateStoreProduct :: #12660
2021-10-12T04:20:36+00:00 NOTICE action_scheduler.queue_job :: MailChimp_WooCommerce_Single_Product starts in 5 seconds :: obj_id 12650
2021-10-12T04:20:48+00:00 NOTICE action_scheduler.queue_job :: MailChimp_WooCommerce_Single_Product starts in 5 seconds :: obj_id 12648
2021-10-12T04:20:57+00:00 NOTICE product_submit.success :: updateStoreProduct :: #12650
2021-10-12T04:20:58+00:00 NOTICE product_submit.success :: updateStoreProduct :: #12648
2021-10-12T04:20:59+00:00 NOTICE action_scheduler.queue_job :: MailChimp_WooCommerce_Single_Product starts in 5 seconds :: obj_id 12646
2021-10-12T04:21:10+00:00 NOTICE action_scheduler.queue_job :: MailChimp_WooCommerce_Single_Product starts in 5 seconds :: obj_id 12644
2021-10-12T04:21:22+00:00 NOTICE action_scheduler.queue_job :: MailChimp_WooCommerce_Single_Product starts in 5 seconds :: obj_id 12636
2021-10-12T04:21:25+00:00 NOTICE product_submit.success :: updateStoreProduct :: #12646
2021-10-12T04:21:26+00:00 NOTICE product_submit.success :: updateStoreProduct :: #12644
2021-10-12T04:21:32+00:00 NOTICE product_submit.success :: updateStoreProduct :: #12636
2021-10-12T04:21:46+00:00 NOTICE action_scheduler.queue_job :: MailChimp_WooCommerce_Single_Product starts in 5 seconds :: obj_id 12634
2021-10-12T04:21:59+00:00 NOTICE product_submit.success :: updateStoreProduct :: #12634
2021-10-12T04:22:02+00:00 NOTICE action_scheduler.queue_job :: MailChimp_WooCommerce_Single_Product starts in 5 seconds :: obj_id 12632
2021-10-12T04:22:16+00:00 NOTICE action_scheduler.queue_job :: MailChimp_WooCommerce_Single_Product starts in 5 seconds :: obj_id 12630
2021-10-12T04:22:25+00:00 NOTICE product_submit.success :: updateStoreProduct :: #12632
2021-10-12T04:22:25+00:00 NOTICE product_submit.success :: updateStoreProduct :: #12630
2021-10-12T04:22:28+00:00 NOTICE action_scheduler.queue_job :: MailChimp_WooCommerce_Single_Product starts in 5 seconds :: obj_id 12628
2021-10-12T04:22:37+00:00 NOTICE product_submit.success :: updateStoreProduct :: #12628
2021-10-12T04:22:39+00:00 NOTICE action_scheduler.queue_job :: MailChimp_WooCommerce_Single_Product starts in 5 seconds :: obj_id 12626
2021-10-12T04:22:49+00:00 NOTICE product_submit.success :: updateStoreProduct :: #12626
2021-10-12T04:22:54+00:00 NOTICE action_scheduler.queue_job :: MailChimp_WooCommerce_Single_Product starts in 5 seconds :: obj_id 12445
2021-10-12T04:23:09+00:00 NOTICE action_scheduler.queue_job :: MailChimp_WooCommerce_Single_Product starts in 5 seconds :: obj_id 6008
2021-10-12T04:23:41+00:00 NOTICE product_submit.success :: updateStoreProduct :: #12445
2021-10-12T04:23:41+00:00 NOTICE product_submit.success :: updateStoreProduct :: #6008
