2021-10-02T03:40:38+00:00 NOTICE action_scheduler.queue_job :: MailChimp_WooCommerce_Single_Order starts in 90 seconds :: obj_id 13399
2021-10-02T03:40:41+00:00 NOTICE debug :: Order ID 13399 was pending and is now processing :: Array
(
    [new_order] => 1
    [tracking] => Array
        (
            [campaign_id] => 
            [landing_site] => https://dorgora.com/wp-admin/admin-ajax.php
        )

)

2021-10-02T03:42:51+00:00 NOTICE validation.bad_email :: Order #BPL-013117 has an invalid email address. Skipping!
2021-10-02T03:43:46+00:00 NOTICE action_scheduler.queue_job :: MailChimp_WooCommerce_Single_Order starts in 90 seconds :: obj_id 13399
2021-10-02T03:43:46+00:00 NOTICE debug :: Order ID 13399 was processing and is now completed :: Array
(
    [new_order] => 
    [tracking] => 
)

2021-10-02T03:45:22+00:00 NOTICE validation.bad_email :: Order #BPL-013117 has an invalid email address. Skipping!
2021-10-02T05:31:22+00:00 NOTICE action_scheduler.queue_job :: MailChimp_WooCommerce_Single_Product starts in 5 seconds :: obj_id 13402
2021-10-02T05:31:22+00:00 NOTICE action_scheduler.queue_job :: MailChimp_WooCommerce_Single_Product starts in 5 seconds :: obj_id 13403
2021-10-02T05:31:22+00:00 NOTICE action_scheduler.queue_job :: MailChimp_WooCommerce_Single_Product starts in 5 seconds :: obj_id 13404
2021-10-02T05:31:23+00:00 NOTICE action_scheduler.queue_job :: MailChimp_WooCommerce_Single_Product starts in 5 seconds :: obj_id 13405
2021-10-02T05:31:23+00:00 NOTICE action_scheduler.queue_job :: MailChimp_WooCommerce_Single_Product starts in 5 seconds :: obj_id 13406
2021-10-02T05:31:23+00:00 NOTICE action_scheduler.queue_job :: MailChimp_WooCommerce_Single_Product starts in 5 seconds :: obj_id 13407
2021-10-02T05:31:23+00:00 NOTICE action_scheduler.queue_job :: MailChimp_WooCommerce_Single_Product starts in 5 seconds :: obj_id 13408
2021-10-02T05:31:23+00:00 NOTICE action_scheduler.queue_job :: MailChimp_WooCommerce_Single_Product starts in 5 seconds :: obj_id 13409
2021-10-02T05:31:23+00:00 NOTICE action_scheduler.queue_job :: MailChimp_WooCommerce_Single_Product starts in 5 seconds :: obj_id 13410
2021-10-02T05:31:23+00:00 NOTICE action_scheduler.queue_job :: MailChimp_WooCommerce_Single_Product starts in 5 seconds :: obj_id 13411
2021-10-02T05:31:23+00:00 NOTICE action_scheduler.queue_job :: MailChimp_WooCommerce_Single_Product starts in 5 seconds :: obj_id 13412
2021-10-02T05:31:24+00:00 NOTICE action_scheduler.queue_job :: MailChimp_WooCommerce_Single_Product starts in 5 seconds :: obj_id 13413
2021-10-02T05:31:24+00:00 NOTICE action_scheduler.queue_job :: MailChimp_WooCommerce_Single_Product starts in 5 seconds :: obj_id 13414
2021-10-02T05:31:24+00:00 NOTICE action_scheduler.queue_job :: MailChimp_WooCommerce_Single_Product starts in 5 seconds :: obj_id 13415
2021-10-02T05:31:24+00:00 NOTICE action_scheduler.queue_job :: MailChimp_WooCommerce_Single_Product starts in 5 seconds :: obj_id 13416
2021-10-02T05:31:24+00:00 NOTICE action_scheduler.queue_job :: MailChimp_WooCommerce_Single_Product starts in 5 seconds :: obj_id 13417
2021-10-02T05:31:24+00:00 NOTICE action_scheduler.queue_job :: MailChimp_WooCommerce_Single_Product starts in 5 seconds :: obj_id 13418
2021-10-02T05:31:24+00:00 NOTICE action_scheduler.queue_job :: MailChimp_WooCommerce_Single_Product starts in 5 seconds :: obj_id 13419
2021-10-02T05:31:25+00:00 NOTICE action_scheduler.queue_job :: MailChimp_WooCommerce_Single_Product starts in 5 seconds :: obj_id 13420
2021-10-02T05:31:25+00:00 NOTICE action_scheduler.queue_job :: MailChimp_WooCommerce_Single_Product starts in 5 seconds :: obj_id 13421
2021-10-02T05:31:25+00:00 NOTICE action_scheduler.queue_job :: MailChimp_WooCommerce_Single_Product starts in 5 seconds :: obj_id 13422
2021-10-02T05:31:25+00:00 NOTICE action_scheduler.queue_job :: MailChimp_WooCommerce_Single_Product starts in 5 seconds :: obj_id 13423
2021-10-02T05:31:25+00:00 NOTICE action_scheduler.queue_job :: MailChimp_WooCommerce_Single_Product starts in 5 seconds :: obj_id 13424
2021-10-02T05:31:56+00:00 NOTICE product_submit.success :: addStoreProduct :: #13402
2021-10-02T05:31:57+00:00 NOTICE product_submit.success :: addStoreProduct :: #13403
2021-10-02T05:31:57+00:00 NOTICE product_submit.success :: addStoreProduct :: #13404
2021-10-02T05:31:58+00:00 NOTICE product_submit.success :: addStoreProduct :: #13405
2021-10-02T05:31:59+00:00 NOTICE product_submit.success :: addStoreProduct :: #13406
2021-10-02T05:32:00+00:00 NOTICE product_submit.success :: addStoreProduct :: #13407
2021-10-02T05:32:00+00:00 NOTICE product_submit.success :: addStoreProduct :: #13408
2021-10-02T05:32:01+00:00 NOTICE product_submit.success :: addStoreProduct :: #13409
2021-10-02T05:32:02+00:00 NOTICE product_submit.success :: addStoreProduct :: #13410
2021-10-02T05:32:02+00:00 NOTICE product_submit.success :: addStoreProduct :: #13411
2021-10-02T05:32:03+00:00 NOTICE product_submit.success :: addStoreProduct :: #13412
2021-10-02T05:32:04+00:00 NOTICE product_submit.success :: addStoreProduct :: #13413
2021-10-02T05:32:04+00:00 NOTICE product_submit.success :: addStoreProduct :: #13414
2021-10-02T05:32:06+00:00 NOTICE product_submit.success :: addStoreProduct :: #13415
2021-10-02T05:32:06+00:00 NOTICE product_submit.success :: addStoreProduct :: #13416
2021-10-02T05:32:07+00:00 NOTICE product_submit.success :: addStoreProduct :: #13417
2021-10-02T05:32:08+00:00 NOTICE product_submit.success :: addStoreProduct :: #13418
2021-10-02T05:32:08+00:00 NOTICE product_submit.success :: addStoreProduct :: #13419
2021-10-02T05:32:09+00:00 NOTICE product_submit.success :: addStoreProduct :: #13420
2021-10-02T05:32:10+00:00 NOTICE product_submit.success :: addStoreProduct :: #13421
2021-10-02T05:32:10+00:00 NOTICE product_submit.success :: addStoreProduct :: #13422
2021-10-02T05:32:11+00:00 NOTICE product_submit.success :: addStoreProduct :: #13423
2021-10-02T05:32:12+00:00 NOTICE product_submit.success :: addStoreProduct :: #13424
2021-10-02T05:38:17+00:00 NOTICE action_scheduler.queue_job :: MailChimp_WooCommerce_Single_Product starts in 5 seconds :: obj_id 13422
2021-10-02T05:38:19+00:00 NOTICE action_scheduler.queue_job :: MailChimp_WooCommerce_Single_Product starts in 5 seconds :: obj_id 13414
2021-10-02T05:38:20+00:00 NOTICE action_scheduler.queue_job :: MailChimp_WooCommerce_Single_Product starts in 5 seconds :: obj_id 13415
2021-10-02T05:38:22+00:00 NOTICE action_scheduler.queue_job :: MailChimp_WooCommerce_Single_Product starts in 5 seconds :: obj_id 13412
2021-10-02T05:38:24+00:00 NOTICE action_scheduler.queue_job :: MailChimp_WooCommerce_Single_Product starts in 5 seconds :: obj_id 13413
2021-10-02T05:38:26+00:00 NOTICE action_scheduler.queue_job :: MailChimp_WooCommerce_Single_Product starts in 5 seconds :: obj_id 13418
2021-10-02T05:38:27+00:00 NOTICE action_scheduler.queue_job :: MailChimp_WooCommerce_Single_Product starts in 5 seconds :: obj_id 13419
2021-10-02T05:38:29+00:00 NOTICE action_scheduler.queue_job :: MailChimp_WooCommerce_Single_Product starts in 5 seconds :: obj_id 13410
2021-10-02T05:38:31+00:00 NOTICE action_scheduler.queue_job :: MailChimp_WooCommerce_Single_Product starts in 5 seconds :: obj_id 13411
2021-10-02T05:38:32+00:00 NOTICE action_scheduler.queue_job :: MailChimp_WooCommerce_Single_Product starts in 5 seconds :: obj_id 13423
2021-10-02T05:38:34+00:00 NOTICE action_scheduler.queue_job :: MailChimp_WooCommerce_Single_Product starts in 5 seconds :: obj_id 13424
2021-10-02T05:38:35+00:00 NOTICE action_scheduler.queue_job :: MailChimp_WooCommerce_Single_Product starts in 5 seconds :: obj_id 13406
2021-10-02T05:38:37+00:00 NOTICE action_scheduler.queue_job :: MailChimp_WooCommerce_Single_Product starts in 5 seconds :: obj_id 13407
2021-10-02T05:38:39+00:00 NOTICE action_scheduler.queue_job :: MailChimp_WooCommerce_Single_Product starts in 5 seconds :: obj_id 13408
2021-10-02T05:38:40+00:00 NOTICE action_scheduler.queue_job :: MailChimp_WooCommerce_Single_Product starts in 5 seconds :: obj_id 13409
2021-10-02T05:38:42+00:00 NOTICE action_scheduler.queue_job :: MailChimp_WooCommerce_Single_Product starts in 5 seconds :: obj_id 13416
2021-10-02T05:38:44+00:00 NOTICE action_scheduler.queue_job :: MailChimp_WooCommerce_Single_Product starts in 5 seconds :: obj_id 13417
2021-10-02T05:38:46+00:00 NOTICE action_scheduler.queue_job :: MailChimp_WooCommerce_Single_Product starts in 5 seconds :: obj_id 13402
2021-10-02T05:38:47+00:00 NOTICE action_scheduler.queue_job :: MailChimp_WooCommerce_Single_Product starts in 5 seconds :: obj_id 13403
2021-10-02T05:38:49+00:00 NOTICE action_scheduler.queue_job :: MailChimp_WooCommerce_Single_Product starts in 5 seconds :: obj_id 13420
2021-10-02T05:38:51+00:00 NOTICE action_scheduler.queue_job :: MailChimp_WooCommerce_Single_Product starts in 5 seconds :: obj_id 13421
2021-10-02T05:38:52+00:00 NOTICE action_scheduler.queue_job :: MailChimp_WooCommerce_Single_Product starts in 5 seconds :: obj_id 13404
2021-10-02T05:38:54+00:00 NOTICE action_scheduler.queue_job :: MailChimp_WooCommerce_Single_Product starts in 5 seconds :: obj_id 13405
2021-10-02T05:38:57+00:00 NOTICE product_submit.success :: updateStoreProduct :: #13422
2021-10-02T05:38:58+00:00 NOTICE product_submit.success :: updateStoreProduct :: #13414
2021-10-02T05:38:59+00:00 NOTICE product_submit.success :: updateStoreProduct :: #13415
2021-10-02T05:38:59+00:00 NOTICE product_submit.success :: updateStoreProduct :: #13412
2021-10-02T05:39:00+00:00 NOTICE product_submit.success :: updateStoreProduct :: #13413
2021-10-02T05:39:01+00:00 NOTICE product_submit.success :: updateStoreProduct :: #13418
2021-10-02T05:39:01+00:00 NOTICE product_submit.success :: updateStoreProduct :: #13419
2021-10-02T05:39:02+00:00 NOTICE product_submit.success :: updateStoreProduct :: #13410
2021-10-02T05:39:03+00:00 NOTICE product_submit.success :: updateStoreProduct :: #13411
2021-10-02T05:39:04+00:00 NOTICE product_submit.success :: updateStoreProduct :: #13423
2021-10-02T05:39:04+00:00 NOTICE product_submit.success :: updateStoreProduct :: #13424
2021-10-02T05:39:05+00:00 NOTICE product_submit.success :: updateStoreProduct :: #13406
2021-10-02T05:39:06+00:00 NOTICE product_submit.success :: updateStoreProduct :: #13407
2021-10-02T05:39:06+00:00 NOTICE product_submit.success :: updateStoreProduct :: #13408
2021-10-02T05:39:07+00:00 NOTICE product_submit.success :: updateStoreProduct :: #13409
2021-10-02T05:39:08+00:00 NOTICE product_submit.success :: updateStoreProduct :: #13416
2021-10-02T05:39:08+00:00 NOTICE product_submit.success :: updateStoreProduct :: #13417
2021-10-02T05:39:09+00:00 NOTICE product_submit.success :: updateStoreProduct :: #13402
2021-10-02T05:39:10+00:00 NOTICE product_submit.success :: updateStoreProduct :: #13403
2021-10-02T05:39:11+00:00 NOTICE product_submit.success :: updateStoreProduct :: #13420
2021-10-02T05:39:11+00:00 NOTICE product_submit.success :: updateStoreProduct :: #13421
2021-10-02T05:39:12+00:00 NOTICE product_submit.success :: updateStoreProduct :: #13404
2021-10-02T05:39:13+00:00 NOTICE product_submit.success :: updateStoreProduct :: #13405
2021-10-02T06:41:23+00:00 NOTICE action_scheduler.queue_job :: MailChimp_WooCommerce_Single_Product starts in 5 seconds :: obj_id 13403
2021-10-02T06:41:38+00:00 NOTICE action_scheduler.queue_job :: MailChimp_WooCommerce_Single_Product starts in 5 seconds :: obj_id 13402
2021-10-02T06:41:57+00:00 NOTICE product_submit.success :: updateStoreProduct :: #13403
2021-10-02T06:41:58+00:00 NOTICE product_submit.success :: updateStoreProduct :: #13402
2021-10-02T09:40:08+00:00 NOTICE action_scheduler.queue_job :: MailChimp_WooCommerce_Cart_Update queued :: obj_id 1662c183670e9f7b794a7c5edb5c1bfd
2021-10-02T09:40:55+00:00 NOTICE abandoned_cart.success :: email: shafiul.alam1986@yahoo.com :: checkout_url: https://dorgora.com/checkout/?mc_cart_id=1662c183670e9f7b794a7c5edb5c1bfd
2021-10-02T09:40:56+00:00 NOTICE cart.member.updated :: Updated shafiul.alam1986@yahoo.com subscriber status to subscribed and language to en
2021-10-02T09:41:02+00:00 NOTICE action_scheduler.queue_job :: MailChimp_WooCommerce_Cart_Update queued :: obj_id 1662c183670e9f7b794a7c5edb5c1bfd
2021-10-02T09:41:20+00:00 NOTICE abandoned_cart.success :: email: shafiul.alam1986@yahoo.com :: checkout_url: https://dorgora.com/checkout/?mc_cart_id=1662c183670e9f7b794a7c5edb5c1bfd
2021-10-02T09:41:53+00:00 NOTICE action_scheduler.queue_job :: MailChimp_WooCommerce_Cart_Update queued :: obj_id 1662c183670e9f7b794a7c5edb5c1bfd
2021-10-02T09:41:58+00:00 NOTICE abandoned_cart.success :: email: shafiul.alam1986@yahoo.com :: checkout_url: https://dorgora.com/checkout/?mc_cart_id=1662c183670e9f7b794a7c5edb5c1bfd
2021-10-02T09:42:30+00:00 NOTICE action_scheduler.queue_job :: MailChimp_WooCommerce_Cart_Update queued :: obj_id 1662c183670e9f7b794a7c5edb5c1bfd
2021-10-02T09:42:57+00:00 NOTICE abandoned_cart.success :: email: shafiul.alam1986@yahoo.com :: checkout_url: https://dorgora.com/checkout/?mc_cart_id=1662c183670e9f7b794a7c5edb5c1bfd
2021-10-02T09:44:41+00:00 NOTICE action_scheduler.queue_job :: MailChimp_WooCommerce_Cart_Update queued :: obj_id 1662c183670e9f7b794a7c5edb5c1bfd
2021-10-02T09:44:55+00:00 NOTICE abandoned_cart.success :: email: shafiul.alam1986@yahoo.com :: checkout_url: https://dorgora.com/checkout/?mc_cart_id=1662c183670e9f7b794a7c5edb5c1bfd
2021-10-02T09:45:19+00:00 NOTICE action_scheduler.queue_job :: MailChimp_WooCommerce_Cart_Update queued :: obj_id 1662c183670e9f7b794a7c5edb5c1bfd
2021-10-02T09:45:57+00:00 NOTICE abandoned_cart.success :: email: shafiul.alam1986@yahoo.com :: checkout_url: https://dorgora.com/checkout/?mc_cart_id=1662c183670e9f7b794a7c5edb5c1bfd
2021-10-02T09:45:59+00:00 NOTICE action_scheduler.queue_job :: MailChimp_WooCommerce_Cart_Update queued :: obj_id 1662c183670e9f7b794a7c5edb5c1bfd
2021-10-02T09:46:58+00:00 NOTICE abandoned_cart.success :: email: shafiul.alam1986@yahoo.com :: checkout_url: https://dorgora.com/checkout/?mc_cart_id=1662c183670e9f7b794a7c5edb5c1bfd
2021-10-02T09:57:21+00:00 NOTICE action_scheduler.queue_job :: MailChimp_WooCommerce_Cart_Update queued :: obj_id 1662c183670e9f7b794a7c5edb5c1bfd
2021-10-02T09:57:55+00:00 NOTICE abandoned_cart.success :: email: shafiul.alam1986@yahoo.com :: checkout_url: https://dorgora.com/checkout/?mc_cart_id=1662c183670e9f7b794a7c5edb5c1bfd
2021-10-02T09:57:59+00:00 NOTICE action_scheduler.queue_job :: MailChimp_WooCommerce_Cart_Update queued :: obj_id 1662c183670e9f7b794a7c5edb5c1bfd
2021-10-02T09:58:09+00:00 NOTICE abandoned_cart.success :: email: shafiul.alam1986@yahoo.com :: checkout_url: https://dorgora.com/checkout/?mc_cart_id=1662c183670e9f7b794a7c5edb5c1bfd
2021-10-02T09:58:20+00:00 NOTICE action_scheduler.queue_job :: MailChimp_WooCommerce_Cart_Update queued :: obj_id 1662c183670e9f7b794a7c5edb5c1bfd
2021-10-02T09:58:56+00:00 NOTICE abandoned_cart.success :: email: shafiul.alam1986@yahoo.com :: checkout_url: https://dorgora.com/checkout/?mc_cart_id=1662c183670e9f7b794a7c5edb5c1bfd
2021-10-02T09:59:06+00:00 NOTICE action_scheduler.queue_job :: MailChimp_WooCommerce_Cart_Update queued :: obj_id 1662c183670e9f7b794a7c5edb5c1bfd
2021-10-02T09:59:13+00:00 NOTICE abandoned_cart.success :: email: shafiul.alam1986@yahoo.com :: checkout_url: https://dorgora.com/checkout/?mc_cart_id=1662c183670e9f7b794a7c5edb5c1bfd
2021-10-02T10:00:31+00:00 NOTICE action_scheduler.queue_job :: MailChimp_WooCommerce_Cart_Update queued :: obj_id 1662c183670e9f7b794a7c5edb5c1bfd
2021-10-02T10:00:35+00:00 NOTICE abandoned_cart.success :: email: shafiul.alam1986@yahoo.com :: checkout_url: https://dorgora.com/checkout/?mc_cart_id=1662c183670e9f7b794a7c5edb5c1bfd
2021-10-02T10:00:36+00:00 NOTICE action_scheduler.queue_job :: MailChimp_WooCommerce_Cart_Update queued :: obj_id 1662c183670e9f7b794a7c5edb5c1bfd
2021-10-02T10:00:42+00:00 NOTICE abandoned_cart.success :: email: shafiul.alam1986@yahoo.com :: checkout_url: https://dorgora.com/checkout/?mc_cart_id=1662c183670e9f7b794a7c5edb5c1bfd
2021-10-02T10:01:01+00:00 NOTICE action_scheduler.queue_job :: MailChimp_WooCommerce_Cart_Update queued :: obj_id 1662c183670e9f7b794a7c5edb5c1bfd
2021-10-02T10:02:00+00:00 NOTICE abandoned_cart.success :: email: shafiul.alam1986@yahoo.com :: checkout_url: https://dorgora.com/checkout/?mc_cart_id=1662c183670e9f7b794a7c5edb5c1bfd
2021-10-02T10:03:44+00:00 NOTICE action_scheduler.queue_job :: MailChimp_WooCommerce_User_Submit queued :: obj_id 354
2021-10-02T10:03:44+00:00 NOTICE action_scheduler.queue_job :: MailChimp_WooCommerce_Single_Order starts in 90 seconds :: obj_id 13449
2021-10-02T10:03:57+00:00 NOTICE member.sync :: Updated Member shafiul.alam1986@yahoo.com ( merge fields only ) :: Array
(
    [merge_fields] => Array
        (
            [FNAME] => Shafiul
            [LNAME] => Alam
        )

)

2021-10-02T10:04:05+00:00 NOTICE debug :: Order ID 13449 was pending and is now processing :: Array
(
    [new_order] => 1
    [tracking] => Array
        (
            [campaign_id] => 
            [landing_site] => https://dorgora.com/wp-admin/admin-ajax.php
        )

)

2021-10-02T10:05:59+00:00 NOTICE order.member.updated :: Updated shafiul.alam1986@yahoo.com subscriber status to subscribed and language to en
2021-10-02T10:05:59+00:00 NOTICE order_submit.success :: addStoreOrder :: #BPL-013118 :: email: shafiul.alam1986@yahoo.com :: landing site https://dorgora.com/wp-admin/admin-ajax.php :: abandoned cart deleted [1662c183670e9f7b794a7c5edb5c1bfd]
2021-10-02T10:18:57+00:00 NOTICE action_scheduler.queue_job :: MailChimp_WooCommerce_Single_Product starts in 5 seconds :: obj_id 13116
2021-10-02T10:18:58+00:00 NOTICE action_scheduler.queue_job :: MailChimp_WooCommerce_Single_Product starts in 5 seconds :: obj_id 13111
2021-10-02T10:18:58+00:00 NOTICE action_scheduler.queue_job :: MailChimp_WooCommerce_Single_Product starts in 5 seconds :: obj_id 13092
2021-10-02T10:18:59+00:00 NOTICE action_scheduler.queue_job :: MailChimp_WooCommerce_Single_Product starts in 5 seconds :: obj_id 13054
2021-10-02T10:19:00+00:00 NOTICE action_scheduler.queue_job :: MailChimp_WooCommerce_Single_Product starts in 5 seconds :: obj_id 13051
2021-10-02T10:19:01+00:00 NOTICE action_scheduler.queue_job :: MailChimp_WooCommerce_Single_Product starts in 5 seconds :: obj_id 13040
2021-10-02T10:19:02+00:00 NOTICE action_scheduler.queue_job :: MailChimp_WooCommerce_Single_Product starts in 5 seconds :: obj_id 12886
2021-10-02T10:19:04+00:00 NOTICE action_scheduler.queue_job :: MailChimp_WooCommerce_Single_Product starts in 5 seconds :: obj_id 12882
2021-10-02T10:19:04+00:00 NOTICE action_scheduler.queue_job :: MailChimp_WooCommerce_Single_Product starts in 5 seconds :: obj_id 12880
2021-10-02T10:19:06+00:00 NOTICE action_scheduler.queue_job :: MailChimp_WooCommerce_Single_Product starts in 5 seconds :: obj_id 12723
2021-10-02T10:19:07+00:00 NOTICE action_scheduler.queue_job :: MailChimp_WooCommerce_Single_Product starts in 5 seconds :: obj_id 12724
2021-10-02T10:19:09+00:00 NOTICE action_scheduler.queue_job :: MailChimp_WooCommerce_Single_Product starts in 5 seconds :: obj_id 12722
2021-10-02T10:19:10+00:00 NOTICE action_scheduler.queue_job :: MailChimp_WooCommerce_Single_Product starts in 5 seconds :: obj_id 12719
2021-10-02T10:19:10+00:00 NOTICE action_scheduler.queue_job :: MailChimp_WooCommerce_Single_Product starts in 5 seconds :: obj_id 12720
2021-10-02T10:19:11+00:00 NOTICE action_scheduler.queue_job :: MailChimp_WooCommerce_Single_Product starts in 5 seconds :: obj_id 12721
2021-10-02T10:19:13+00:00 NOTICE action_scheduler.queue_job :: MailChimp_WooCommerce_Single_Product starts in 5 seconds :: obj_id 12716
2021-10-02T10:19:14+00:00 NOTICE action_scheduler.queue_job :: MailChimp_WooCommerce_Single_Product starts in 5 seconds :: obj_id 12717
2021-10-02T10:19:14+00:00 NOTICE action_scheduler.queue_job :: MailChimp_WooCommerce_Single_Product starts in 5 seconds :: obj_id 12718
2021-10-02T10:19:14+00:00 NOTICE action_scheduler.queue_job :: MailChimp_WooCommerce_Single_Product starts in 5 seconds :: obj_id 12714
2021-10-02T10:19:15+00:00 NOTICE action_scheduler.queue_job :: MailChimp_WooCommerce_Single_Product starts in 5 seconds :: obj_id 12715
2021-10-02T10:19:17+00:00 NOTICE action_scheduler.queue_job :: MailChimp_WooCommerce_Single_Product starts in 5 seconds :: obj_id 12711
2021-10-02T10:19:18+00:00 NOTICE action_scheduler.queue_job :: MailChimp_WooCommerce_Single_Product starts in 5 seconds :: obj_id 12712
2021-10-02T10:19:19+00:00 NOTICE action_scheduler.queue_job :: MailChimp_WooCommerce_Single_Product starts in 5 seconds :: obj_id 12713
2021-10-02T10:19:19+00:00 NOTICE action_scheduler.queue_job :: MailChimp_WooCommerce_Single_Product starts in 5 seconds :: obj_id 12708
2021-10-02T10:19:20+00:00 NOTICE action_scheduler.queue_job :: MailChimp_WooCommerce_Single_Product starts in 5 seconds :: obj_id 12709
2021-10-02T10:19:20+00:00 NOTICE action_scheduler.queue_job :: MailChimp_WooCommerce_Single_Product starts in 5 seconds :: obj_id 12710
2021-10-02T10:19:21+00:00 NOTICE action_scheduler.queue_job :: MailChimp_WooCommerce_Single_Product starts in 5 seconds :: obj_id 12707
2021-10-02T10:19:21+00:00 NOTICE action_scheduler.queue_job :: MailChimp_WooCommerce_Single_Product starts in 5 seconds :: obj_id 12705
2021-10-02T10:19:21+00:00 NOTICE action_scheduler.queue_job :: MailChimp_WooCommerce_Single_Product starts in 5 seconds :: obj_id 12706
2021-10-02T10:19:22+00:00 NOTICE action_scheduler.queue_job :: MailChimp_WooCommerce_Single_Product starts in 5 seconds :: obj_id 12704
2021-10-02T10:19:22+00:00 NOTICE action_scheduler.queue_job :: MailChimp_WooCommerce_Single_Product starts in 5 seconds :: obj_id 12660
2021-10-02T10:19:23+00:00 NOTICE action_scheduler.queue_job :: MailChimp_WooCommerce_Single_Product starts in 5 seconds :: obj_id 11350
2021-10-02T10:19:24+00:00 NOTICE action_scheduler.queue_job :: MailChimp_WooCommerce_Single_Product starts in 5 seconds :: obj_id 11346
2021-10-02T10:19:46+00:00 NOTICE product_submit.success :: updateStoreProduct :: #13116
2021-10-02T10:19:47+00:00 NOTICE product_submit.success :: updateStoreProduct :: #13111
2021-10-02T10:19:47+00:00 NOTICE product_submit.success :: updateStoreProduct :: #13092
2021-10-02T10:19:49+00:00 NOTICE product_submit.success :: updateStoreProduct :: #13054
2021-10-02T10:19:49+00:00 NOTICE product_submit.success :: updateStoreProduct :: #13051
2021-10-02T10:19:50+00:00 NOTICE product_submit.success :: updateStoreProduct :: #13040
2021-10-02T10:19:51+00:00 NOTICE product_submit.success :: updateStoreProduct :: #12886
2021-10-02T10:19:51+00:00 NOTICE product_submit.success :: updateStoreProduct :: #12882
2021-10-02T10:19:52+00:00 NOTICE product_submit.success :: updateStoreProduct :: #12880
2021-10-02T10:19:53+00:00 NOTICE product_submit.success :: updateStoreProduct :: #12723
2021-10-02T10:19:53+00:00 NOTICE product_submit.success :: updateStoreProduct :: #12724
2021-10-02T10:19:54+00:00 NOTICE product_submit.success :: updateStoreProduct :: #12722
2021-10-02T10:19:55+00:00 NOTICE product_submit.success :: updateStoreProduct :: #12719
2021-10-02T10:19:56+00:00 NOTICE product_submit.success :: updateStoreProduct :: #12720
2021-10-02T10:19:57+00:00 NOTICE product_submit.success :: updateStoreProduct :: #12721
2021-10-02T10:19:58+00:00 NOTICE product_submit.success :: updateStoreProduct :: #12716
2021-10-02T10:19:58+00:00 NOTICE product_submit.success :: updateStoreProduct :: #12717
2021-10-02T10:19:59+00:00 NOTICE product_submit.success :: updateStoreProduct :: #12718
2021-10-02T10:20:00+00:00 NOTICE product_submit.success :: updateStoreProduct :: #12714
2021-10-02T10:20:00+00:00 NOTICE product_submit.success :: updateStoreProduct :: #12715
2021-10-02T10:20:01+00:00 NOTICE product_submit.success :: updateStoreProduct :: #12711
2021-10-02T10:20:02+00:00 NOTICE product_submit.success :: updateStoreProduct :: #12712
2021-10-02T10:20:03+00:00 NOTICE product_submit.success :: updateStoreProduct :: #12713
2021-10-02T10:20:04+00:00 NOTICE product_submit.success :: updateStoreProduct :: #12708
2021-10-02T10:20:04+00:00 NOTICE product_submit.success :: updateStoreProduct :: #12709
2021-10-02T10:20:05+00:00 NOTICE product_submit.success :: updateStoreProduct :: #12710
2021-10-02T10:20:06+00:00 NOTICE product_submit.success :: updateStoreProduct :: #12707
2021-10-02T10:20:07+00:00 NOTICE product_submit.success :: updateStoreProduct :: #12705
2021-10-02T10:20:08+00:00 NOTICE product_submit.success :: updateStoreProduct :: #12706
2021-10-02T10:20:09+00:00 NOTICE product_submit.success :: updateStoreProduct :: #12704
2021-10-02T10:20:09+00:00 NOTICE product_submit.success :: updateStoreProduct :: #12660
2021-10-02T10:20:10+00:00 NOTICE product_submit.success :: updateStoreProduct :: #11350
2021-10-02T10:20:11+00:00 NOTICE product_submit.success :: updateStoreProduct :: #11346
2021-10-02T10:21:23+00:00 NOTICE action_scheduler.queue_job :: MailChimp_WooCommerce_Single_Product starts in 5 seconds :: obj_id 13092
2021-10-02T10:21:55+00:00 NOTICE product_submit.success :: updateStoreProduct :: #13092
2021-10-02T10:23:23+00:00 NOTICE action_scheduler.queue_job :: MailChimp_WooCommerce_Single_Product starts in 5 seconds :: obj_id 13116
2021-10-02T10:23:45+00:00 NOTICE action_scheduler.queue_job :: MailChimp_WooCommerce_Single_Product starts in 5 seconds :: obj_id 13111
2021-10-02T10:23:56+00:00 NOTICE product_submit.success :: updateStoreProduct :: #13116
2021-10-02T10:23:56+00:00 NOTICE product_submit.success :: updateStoreProduct :: #13111
2021-10-02T10:24:13+00:00 NOTICE action_scheduler.queue_job :: MailChimp_WooCommerce_Single_Product starts in 5 seconds :: obj_id 13054
2021-10-02T10:24:23+00:00 NOTICE action_scheduler.queue_job :: MailChimp_WooCommerce_Single_Product starts in 5 seconds :: obj_id 13051
2021-10-02T10:24:39+00:00 NOTICE action_scheduler.queue_job :: MailChimp_WooCommerce_Single_Product starts in 5 seconds :: obj_id 13040
2021-10-02T10:24:57+00:00 NOTICE action_scheduler.queue_job :: MailChimp_WooCommerce_Single_Product starts in 5 seconds :: obj_id 12886
2021-10-02T10:24:58+00:00 NOTICE product_submit.success :: updateStoreProduct :: #13054
2021-10-02T10:24:58+00:00 NOTICE product_submit.success :: updateStoreProduct :: #13051
2021-10-02T10:24:59+00:00 NOTICE product_submit.success :: updateStoreProduct :: #13040
2021-10-02T10:25:14+00:00 NOTICE action_scheduler.queue_job :: MailChimp_WooCommerce_Single_Product starts in 5 seconds :: obj_id 12882
2021-10-02T10:25:23+00:00 NOTICE action_scheduler.queue_job :: MailChimp_WooCommerce_Single_Product starts in 5 seconds :: obj_id 12880
2021-10-02T10:25:32+00:00 NOTICE action_scheduler.queue_job :: MailChimp_WooCommerce_Single_Product starts in 5 seconds :: obj_id 12722
2021-10-02T10:25:42+00:00 NOTICE action_scheduler.queue_job :: MailChimp_WooCommerce_Single_Product starts in 5 seconds :: obj_id 12723
2021-10-02T10:25:52+00:00 NOTICE action_scheduler.queue_job :: MailChimp_WooCommerce_Single_Product starts in 5 seconds :: obj_id 12724
2021-10-02T10:25:55+00:00 NOTICE product_submit.success :: updateStoreProduct :: #12886
2021-10-02T10:25:56+00:00 NOTICE product_submit.success :: updateStoreProduct :: #12882
2021-10-02T10:25:57+00:00 NOTICE product_submit.success :: updateStoreProduct :: #12880
2021-10-02T10:25:57+00:00 NOTICE product_submit.success :: updateStoreProduct :: #12722
2021-10-02T10:25:58+00:00 NOTICE product_submit.success :: updateStoreProduct :: #12723
2021-10-02T10:25:59+00:00 NOTICE product_submit.success :: updateStoreProduct :: #12724
2021-10-02T10:26:03+00:00 NOTICE action_scheduler.queue_job :: MailChimp_WooCommerce_Single_Product starts in 5 seconds :: obj_id 12721
2021-10-02T10:26:12+00:00 NOTICE action_scheduler.queue_job :: MailChimp_WooCommerce_Single_Product starts in 5 seconds :: obj_id 12720
2021-10-02T10:26:20+00:00 NOTICE action_scheduler.queue_job :: MailChimp_WooCommerce_Single_Product starts in 5 seconds :: obj_id 12716
2021-10-02T10:26:55+00:00 NOTICE product_submit.success :: updateStoreProduct :: #12721
2021-10-02T10:26:56+00:00 NOTICE product_submit.success :: updateStoreProduct :: #12720
2021-10-02T10:26:56+00:00 NOTICE product_submit.success :: updateStoreProduct :: #12716
2021-10-02T10:27:51+00:00 NOTICE action_scheduler.queue_job :: MailChimp_WooCommerce_Single_Product starts in 5 seconds :: obj_id 12714
2021-10-02T10:28:00+00:00 NOTICE action_scheduler.queue_job :: MailChimp_WooCommerce_Single_Product starts in 5 seconds :: obj_id 12715
2021-10-02T10:28:10+00:00 NOTICE product_submit.success :: updateStoreProduct :: #12714
2021-10-02T10:28:11+00:00 NOTICE product_submit.success :: updateStoreProduct :: #12715
2021-10-02T10:28:19+00:00 NOTICE action_scheduler.queue_job :: MailChimp_WooCommerce_Single_Product starts in 5 seconds :: obj_id 12711
2021-10-02T10:28:28+00:00 NOTICE action_scheduler.queue_job :: MailChimp_WooCommerce_Single_Product starts in 5 seconds :: obj_id 12712
2021-10-02T10:28:28+00:00 NOTICE action_scheduler.queue_job :: MailChimp_WooCommerce_Single_Product starts in 5 seconds :: obj_id 8777
2021-10-02T10:28:35+00:00 NOTICE action_scheduler.queue_job :: MailChimp_WooCommerce_Single_Product starts in 5 seconds :: obj_id 12709
2021-10-02T10:28:47+00:00 NOTICE action_scheduler.queue_job :: MailChimp_WooCommerce_Single_Product starts in 5 seconds :: obj_id 12705
2021-10-02T10:28:55+00:00 NOTICE product_submit.success :: updateStoreProduct :: #12711
2021-10-02T10:28:56+00:00 NOTICE product_submit.success :: updateStoreProduct :: #12712
2021-10-02T10:28:56+00:00 NOTICE product_submit.success :: updateStoreProduct :: #8777
2021-10-02T10:28:57+00:00 NOTICE product_submit.success :: updateStoreProduct :: #12709
2021-10-02T10:28:58+00:00 NOTICE product_submit.success :: updateStoreProduct :: #12705
2021-10-02T10:29:02+00:00 NOTICE action_scheduler.queue_job :: MailChimp_WooCommerce_Single_Product starts in 5 seconds :: obj_id 12705
2021-10-02T10:29:14+00:00 NOTICE product_submit.success :: updateStoreProduct :: #12705
2021-10-02T10:29:18+00:00 NOTICE action_scheduler.queue_job :: MailChimp_WooCommerce_Single_Product starts in 5 seconds :: obj_id 12706
2021-10-02T10:29:26+00:00 NOTICE product_submit.success :: updateStoreProduct :: #12706
2021-10-02T10:29:30+00:00 NOTICE action_scheduler.queue_job :: MailChimp_WooCommerce_Single_Product starts in 5 seconds :: obj_id 11350
2021-10-02T10:29:38+00:00 NOTICE product_submit.success :: updateStoreProduct :: #11350
2021-10-02T10:29:38+00:00 NOTICE action_scheduler.queue_job :: MailChimp_WooCommerce_Single_Product starts in 5 seconds :: obj_id 11346
2021-10-02T10:29:44+00:00 NOTICE product_submit.success :: updateStoreProduct :: #11346
2021-10-02T10:29:45+00:00 NOTICE action_scheduler.queue_job :: MailChimp_WooCommerce_Single_Order starts in 90 seconds :: obj_id 13455
2021-10-02T10:29:59+00:00 NOTICE debug :: Order ID 13455 was pending and is now processing :: Array
(
    [new_order] => 1
    [tracking] => Array
        (
            [campaign_id] => 
            [landing_site] => 
        )

)

2021-10-02T10:31:27+00:00 NOTICE order.member.updated :: Updated rhsumon@gmail.com subscriber status to subscribed and language to en
2021-10-02T10:31:27+00:00 NOTICE order_submit.success :: addStoreOrder :: #BPL-013119 :: email: rhsumon@gmail.com
2021-10-02T11:18:03+00:00 NOTICE action_scheduler.queue_job :: MailChimp_WooCommerce_Single_Product starts in 5 seconds :: obj_id 13116
2021-10-02T11:18:36+00:00 NOTICE product_submit.success :: updateStoreProduct :: #13116
2021-10-02T11:20:20+00:00 NOTICE action_scheduler.queue_job :: MailChimp_WooCommerce_Single_Product starts in 5 seconds :: obj_id 13111
2021-10-02T11:20:38+00:00 NOTICE product_submit.success :: updateStoreProduct :: #13111
2021-10-02T11:23:49+00:00 NOTICE debug :: Order ID 13059 was processing and is now pending :: Array
(
    [new_order] => 
    [tracking] => 
)

2021-10-02T11:23:49+00:00 NOTICE action_scheduler.queue_job :: MailChimp_WooCommerce_Single_Order starts in 90 seconds :: obj_id 13059
2021-10-02T11:25:56+00:00 NOTICE validation.bad_email :: Order #13059 has an invalid email address. Skipping!
2021-10-02T11:26:47+00:00 NOTICE action_scheduler.queue_job :: MailChimp_WooCommerce_Single_Product starts in 5 seconds :: obj_id 8777
2021-10-02T11:26:56+00:00 NOTICE product_submit.success :: updateStoreProduct :: #8777
2021-10-02T11:29:40+00:00 NOTICE debug :: Order ID 13059 was pending and is now completed :: Array
(
    [new_order] => 1
    [tracking] => Array
        (
            [campaign_id] => 
            [landing_site] => https://dorgora.com/wp-admin/admin-ajax.php
        )

)

2021-10-02T11:29:40+00:00 NOTICE action_scheduler.queue_job :: MailChimp_WooCommerce_Single_Order starts in 90 seconds :: obj_id 13059
2021-10-02T11:32:02+00:00 NOTICE validation.bad_email :: Order #13059 has an invalid email address. Skipping!
2021-10-02T11:38:04+00:00 NOTICE debug :: Order ID 13449 was processing and is now pending :: Array
(
    [new_order] => 
    [tracking] => 
)

2021-10-02T11:38:04+00:00 NOTICE action_scheduler.queue_job :: MailChimp_WooCommerce_Single_Order starts in 90 seconds :: obj_id 13449
2021-10-02T11:39:42+00:00 NOTICE order.member.updated :: Updated shafiul.alam1986@yahoo.com subscriber status to subscribed and language to 
2021-10-02T11:39:42+00:00 NOTICE order_submit.success :: updateStoreOrder :: #BPL-013118 :: email: shafiul.alam1986@yahoo.com
2021-10-02T11:40:44+00:00 NOTICE action_scheduler.queue_job :: MailChimp_WooCommerce_Single_Product starts in 5 seconds :: obj_id 13421
2021-10-02T11:40:57+00:00 NOTICE product_submit.success :: updateStoreProduct :: #13421
2021-10-02T11:41:47+00:00 NOTICE action_scheduler.queue_job :: MailChimp_WooCommerce_Single_Product starts in 5 seconds :: obj_id 12882
2021-10-02T11:41:55+00:00 NOTICE product_submit.success :: updateStoreProduct :: #12882
2021-10-02T11:42:12+00:00 NOTICE action_scheduler.queue_job :: MailChimp_WooCommerce_Single_Product starts in 5 seconds :: obj_id 7604
2021-10-02T11:42:57+00:00 NOTICE product_submit.success :: updateStoreProduct :: #7604
2021-10-02T11:43:27+00:00 NOTICE action_scheduler.queue_job :: MailChimp_WooCommerce_Single_Order starts in 90 seconds :: obj_id 13449
2021-10-02T11:45:15+00:00 NOTICE order.member.updated :: Updated shafiul.alam1986@yahoo.com subscriber status to subscribed and language to 
2021-10-02T11:45:15+00:00 NOTICE order_submit.success :: updateStoreOrder :: #BPL-013118 :: email: shafiul.alam1986@yahoo.com
2021-10-02T11:49:29+00:00 NOTICE action_scheduler.queue_job :: MailChimp_WooCommerce_Single_Product starts in 5 seconds :: obj_id 12886
2021-10-02T11:49:57+00:00 NOTICE product_submit.success :: updateStoreProduct :: #12886
2021-10-02T11:51:48+00:00 NOTICE action_scheduler.queue_job :: MailChimp_WooCommerce_Single_Order starts in 90 seconds :: obj_id 13461
2021-10-02T11:51:48+00:00 NOTICE action_scheduler.queue_job :: MailChimp_WooCommerce_Single_Product starts in 5 seconds :: obj_id 12705
2021-10-02T11:51:57+00:00 NOTICE product_submit.success :: updateStoreProduct :: #12705
2021-10-02T11:51:57+00:00 NOTICE debug :: Order ID 13461 was pending and is now on-hold :: Array
(
    [new_order] => 
    [tracking] => 
)

2021-10-02T11:52:01+00:00 NOTICE action_scheduler.queue_job :: MailChimp_WooCommerce_Single_Product starts in 5 seconds :: obj_id 12706
2021-10-02T11:52:29+00:00 NOTICE product_submit.success :: updateStoreProduct :: #12706
2021-10-02T11:52:58+00:00 NOTICE debug :: Order ID 13461 was on-hold and is now pending :: Array
(
    [new_order] => 
    [tracking] => 
)

2021-10-02T11:53:27+00:00 NOTICE debug :: Order ID 13461 was pending and is now on-hold :: Array
(
    [new_order] => 
    [tracking] => 
)

2021-10-02T11:54:41+00:00 NOTICE system.debug :: order BPL-013120 is in on-hold status, and is being skipped for now.
2021-10-02T12:05:52+00:00 NOTICE action_scheduler.queue_job :: MailChimp_WooCommerce_Single_Product starts in 5 seconds :: obj_id 5180
2021-10-02T12:06:06+00:00 NOTICE product_submit.success :: updateStoreProduct :: #5180
2021-10-02T12:06:48+00:00 NOTICE action_scheduler.queue_job :: MailChimp_WooCommerce_Single_Product starts in 5 seconds :: obj_id 5179
2021-10-02T12:07:01+00:00 NOTICE product_submit.success :: updateStoreProduct :: #5179
2021-10-02T12:11:23+00:00 NOTICE action_scheduler.queue_job :: MailChimp_WooCommerce_Single_Product starts in 5 seconds :: obj_id 5180
2021-10-02T12:11:31+00:00 NOTICE product_submit.success :: updateStoreProduct :: #5180
2021-10-02T12:22:58+00:00 NOTICE action_scheduler.queue_job :: MailChimp_WooCommerce_Single_Product starts in 5 seconds :: obj_id 5197
2021-10-02T12:23:33+00:00 NOTICE product_submit.success :: updateStoreProduct :: #5197
2021-10-02T12:29:10+00:00 NOTICE action_scheduler.queue_job :: MailChimp_WooCommerce_User_Submit queued :: obj_id 344
2021-10-02T12:29:10+00:00 NOTICE action_scheduler.queue_job :: MailChimp_WooCommerce_Single_Order starts in 90 seconds :: obj_id 13464
2021-10-02T12:29:24+00:00 NOTICE debug :: Order ID 13464 was pending and is now processing :: Array
(
    [new_order] => 1
    [tracking] => Array
        (
            [campaign_id] => 
            [landing_site] => https://dorgora.com/?wc-ajax=get_refreshed_fragments
        )

)

2021-10-02T12:30:03+00:00 NOTICE member.sync :: Updated Member mkt1.dorgora@gmail.com ( merge fields only ) :: Array
(
    [merge_fields] => Array
        (
            [FNAME] => Omar
            [LNAME] => Khandokar
        )

)

2021-10-02T12:30:56+00:00 NOTICE order.member.updated :: Updated mkt1dorgora@gmail.com subscriber status to subscribed and language to en
2021-10-02T12:30:56+00:00 NOTICE order_submit.success :: addStoreOrder :: #BPL-013121 :: email: mkt1dorgora@gmail.com :: landing site https://dorgora.com/?wc-ajax=get_refreshed_fragments
