2021-09-30T10:20:56+00:00 NOTICE debug :: Order ID 13315 was processing and is now cancelled :: Array
(
    [new_order] => 
    [tracking] => 
)

2021-09-30T10:20:56+00:00 NOTICE action_scheduler.queue_job :: MailChimp_WooCommerce_Single_Order starts in 90 seconds :: obj_id 13315
2021-09-30T10:22:48+00:00 NOTICE order.member.updated :: Updated rjsohell63@gmail.com subscriber status to subscribed and language to 
2021-09-30T10:22:48+00:00 NOTICE order_submit.success :: updateStoreOrder :: #BPL-013115 :: email: rjsohell63@gmail.com
2021-09-30T11:52:16+00:00 NOTICE debug :: Order ID 13044 was on-hold and is now completed :: Array
(
    [new_order] => 
    [tracking] => 
)

2021-09-30T11:52:16+00:00 NOTICE action_scheduler.queue_job :: MailChimp_WooCommerce_Single_Order starts in 90 seconds :: obj_id 13044
2021-09-30T11:52:54+00:00 NOTICE debug :: Order ID 13375 was processing and is now on-hold :: Array
(
    [new_order] => 
    [tracking] => 
)

2021-09-30T11:52:54+00:00 NOTICE action_scheduler.queue_job :: MailChimp_WooCommerce_Single_Order starts in 90 seconds :: obj_id 13375
2021-09-30T11:53:58+00:00 NOTICE order.member.updated :: Updated sh.mullick@dorgora.com subscriber status to transactional and language to 
2021-09-30T11:53:58+00:00 NOTICE order_submit.success :: updateStoreOrder :: #13044 :: email: sh.mullick@dorgora.com
2021-09-30T11:54:50+00:00 NOTICE order.member.updated :: Updated jannatunjahan@gmail.com subscriber status to transactional and language to 
2021-09-30T11:54:50+00:00 NOTICE order_submit.success :: updateStoreOrder :: #BPL-013116 :: email: jannatunjahan@gmail.com
