2021-10-19T05:32:12+00:00 NOTICE action_scheduler.queue_job :: MailChimp_WooCommerce_Single_Order starts in 90 seconds :: obj_id 13578
2021-10-19T05:32:33+00:00 NOTICE debug :: Order ID 13578 was pending and is now processing :: Array
(
    [new_order] => 1
    [tracking] => Array
        (
            [campaign_id] => 
            [landing_site] => https://dorgora.com/wp-admin/admin-ajax.php
        )

)

2021-10-19T05:34:00+00:00 NOTICE order.member.updated :: Updated wahidxp@gmail.com subscriber status to subscribed and language to en
2021-10-19T05:34:00+00:00 NOTICE order_submit.success :: addStoreOrder :: #BPL-013166 :: email: wahidxp@gmail.com :: landing site https://dorgora.com/wp-admin/admin-ajax.php
2021-10-19T08:50:03+00:00 NOTICE debug :: Order ID 13578 was processing and is now cancelled :: Array
(
    [new_order] => 
    [tracking] => 
)

2021-10-19T08:50:03+00:00 NOTICE action_scheduler.queue_job :: MailChimp_WooCommerce_Single_Order starts in 90 seconds :: obj_id 13578
2021-10-19T08:52:00+00:00 NOTICE order.member.updated :: Updated wahidxp@gmail.com subscriber status to subscribed and language to 
2021-10-19T08:52:00+00:00 NOTICE order_submit.success :: updateStoreOrder :: #BPL-013166 :: email: wahidxp@gmail.com
2021-10-19T09:28:38+00:00 NOTICE debug :: Order ID 13578 was cancelled and is now pending :: Array
(
    [new_order] => 
    [tracking] => 
)

2021-10-19T09:28:38+00:00 NOTICE action_scheduler.queue_job :: MailChimp_WooCommerce_Single_Order starts in 90 seconds :: obj_id 13578
2021-10-19T09:30:33+00:00 NOTICE order.member.updated :: Updated billahnorm@gmail.com subscriber status to subscribed and language to 
2021-10-19T09:30:33+00:00 NOTICE order_submit.success :: updateStoreOrder :: #BPL-013166 :: email: billahnorm@gmail.com
2021-10-19T09:34:45+00:00 NOTICE action_scheduler.queue_job :: MailChimp_WooCommerce_Single_Product starts in 5 seconds :: obj_id 5156
2021-10-19T09:34:50+00:00 NOTICE product_submit.success :: updateStoreProduct :: #5156
2021-10-19T09:41:41+00:00 NOTICE debug :: Order ID 13578 was pending and is now processing :: Array
(
    [new_order] => 1
    [tracking] => Array
        (
            [campaign_id] => 
            [landing_site] => https://dorgora.com/wp-admin/admin-ajax.php
        )

)

2021-10-19T09:41:41+00:00 NOTICE action_scheduler.queue_job :: MailChimp_WooCommerce_Single_Order starts in 90 seconds :: obj_id 13578
2021-10-19T09:44:03+00:00 NOTICE order.member.updated :: Updated billahnorm@gmail.com subscriber status to subscribed and language to en
2021-10-19T09:44:03+00:00 NOTICE order_submit.success :: updateStoreOrder :: #BPL-013166 :: email: billahnorm@gmail.com
2021-10-19T09:52:10+00:00 NOTICE action_scheduler.queue_job :: MailChimp_WooCommerce_Single_Order starts in 90 seconds :: obj_id 13579
2021-10-19T09:52:23+00:00 NOTICE debug :: Order ID 13579 was pending and is now processing :: Array
(
    [new_order] => 1
    [tracking] => Array
        (
            [campaign_id] => 
            [landing_site] => https://dorgora.com/wp-admin/admin-ajax.php
        )

)

2021-10-19T09:53:58+00:00 NOTICE order.member.updated :: Updated said.samin@gmail.com subscriber status to transactional and language to en
2021-10-19T09:53:58+00:00 NOTICE order_submit.success :: addStoreOrder :: #BPL-013167 :: email: said.samin@gmail.com :: landing site https://dorgora.com/wp-admin/admin-ajax.php
2021-10-19T10:04:52+00:00 NOTICE debug :: Order ID 13578 was processing and is now on-hold :: Array
(
    [new_order] => 
    [tracking] => 
)

2021-10-19T10:04:52+00:00 NOTICE action_scheduler.queue_job :: MailChimp_WooCommerce_Single_Order starts in 90 seconds :: obj_id 13578
2021-10-19T10:08:55+00:00 NOTICE order.member.updated :: Updated billahnorm@gmail.com subscriber status to subscribed and language to 
2021-10-19T10:08:55+00:00 NOTICE order_submit.success :: updateStoreOrder :: #BPL-013166 :: email: billahnorm@gmail.com
2021-10-19T10:46:40+00:00 NOTICE action_scheduler.queue_job :: MailChimp_WooCommerce_Single_Product starts in 5 seconds :: obj_id 8905
2021-10-19T10:47:00+00:00 NOTICE product_submit.success :: updateStoreProduct :: #8905
2021-10-19T11:19:39+00:00 NOTICE debug :: Order ID 13576 was processing and is now on-hold :: Array
(
    [new_order] => 
    [tracking] => 
)

2021-10-19T11:19:39+00:00 NOTICE action_scheduler.queue_job :: MailChimp_WooCommerce_Single_Order starts in 90 seconds :: obj_id 13576
2021-10-19T11:22:03+00:00 NOTICE order.member.updated :: Updated baqara@gmail.com subscriber status to transactional and language to 
2021-10-19T11:22:03+00:00 NOTICE order_submit.success :: updateStoreOrder :: #BPL-013165 :: email: baqara@gmail.com
