2021-10-06T04:02:16+00:00 NOTICE action_scheduler.queue_job :: MailChimp_WooCommerce_Single_Product starts in 5 seconds :: obj_id 4993
2021-10-06T04:02:33+00:00 NOTICE product_submit.success :: updateStoreProduct :: #4993
2021-10-06T04:12:44+00:00 NOTICE debug :: Order ID 13488 was processing and is now pending :: Array
(
    [new_order] => 
    [tracking] => 
)

2021-10-06T04:12:44+00:00 NOTICE action_scheduler.queue_job :: MailChimp_WooCommerce_Single_Order starts in 90 seconds :: obj_id 13488
2021-10-06T04:14:25+00:00 NOTICE order.member.updated :: Updated shamima1997@gmail.com subscriber status to transactional and language to 
2021-10-06T04:14:25+00:00 NOTICE order_submit.success :: updateStoreOrder :: #BPL-013129 :: email: shamima1997@gmail.com
2021-10-06T04:17:15+00:00 NOTICE debug :: Order ID 13488 was pending and is now processing :: Array
(
    [new_order] => 1
    [tracking] => Array
        (
            [campaign_id] => 
            [landing_site] => https://dorgora.com/?wc-ajax=get_refreshed_fragments
        )

)

2021-10-06T04:17:15+00:00 NOTICE action_scheduler.queue_job :: MailChimp_WooCommerce_Single_Order starts in 90 seconds :: obj_id 13488
2021-10-06T04:19:05+00:00 NOTICE order.member.updated :: Updated shamima1997@gmail.com subscriber status to transactional and language to en
2021-10-06T04:19:05+00:00 NOTICE order_submit.success :: updateStoreOrder :: #BPL-013129 :: email: shamima1997@gmail.com
2021-10-06T05:49:30+00:00 NOTICE action_scheduler.queue_job :: MailChimp_WooCommerce_Single_Product starts in 5 seconds :: obj_id 8792
2021-10-06T05:50:01+00:00 NOTICE product_submit.success :: updateStoreProduct :: #8792
2021-10-06T05:50:28+00:00 NOTICE action_scheduler.queue_job :: MailChimp_WooCommerce_Single_Product starts in 5 seconds :: obj_id 5343
2021-10-06T05:50:36+00:00 NOTICE product_submit.success :: updateStoreProduct :: #5343
2021-10-06T06:08:33+00:00 NOTICE action_scheduler.queue_job :: MailChimp_WooCommerce_Single_Product starts in 5 seconds :: obj_id 6151
2021-10-06T06:08:40+00:00 NOTICE product_submit.success :: updateStoreProduct :: #6151
2021-10-06T06:15:18+00:00 NOTICE action_scheduler.queue_job :: MailChimp_WooCommerce_Single_Product starts in 5 seconds :: obj_id 6151
2021-10-06T06:15:54+00:00 NOTICE product_submit.success :: updateStoreProduct :: #6151
2021-10-06T06:29:16+00:00 NOTICE action_scheduler.queue_job :: MailChimp_WooCommerce_Single_Product starts in 5 seconds :: obj_id 13016
2021-10-06T06:29:58+00:00 NOTICE product_submit.success :: updateStoreProduct :: #13016
2021-10-06T06:34:09+00:00 NOTICE action_scheduler.queue_job :: MailChimp_WooCommerce_Single_Product starts in 5 seconds :: obj_id 6151
2021-10-06T06:34:38+00:00 NOTICE product_submit.success :: updateStoreProduct :: #6151
2021-10-06T06:56:19+00:00 NOTICE action_scheduler.queue_job :: MailChimp_WooCommerce_Single_Product starts in 5 seconds :: obj_id 9143
2021-10-06T06:56:58+00:00 NOTICE product_submit.success :: updateStoreProduct :: #9143
2021-10-06T06:57:50+00:00 NOTICE action_scheduler.queue_job :: MailChimp_WooCommerce_Single_Product starts in 5 seconds :: obj_id 5197
2021-10-06T06:57:58+00:00 NOTICE product_submit.success :: updateStoreProduct :: #5197
2021-10-06T06:58:10+00:00 NOTICE action_scheduler.queue_job :: MailChimp_WooCommerce_Single_Product starts in 5 seconds :: obj_id 5197
2021-10-06T06:58:55+00:00 NOTICE product_submit.success :: updateStoreProduct :: #5197
2021-10-06T12:50:36+00:00 NOTICE action_scheduler.queue_job :: MailChimp_WooCommerce_Single_Order starts in 90 seconds :: obj_id 13488
2021-10-06T12:50:48+00:00 NOTICE debug :: Order ID 13488 was processing and is now completed :: Array
(
    [new_order] => 
    [tracking] => 
)

2021-10-06T12:52:08+00:00 NOTICE debug :: Order ID 13497 was processing and is now pending :: Array
(
    [new_order] => 
    [tracking] => 
)

2021-10-06T12:52:08+00:00 NOTICE action_scheduler.queue_job :: MailChimp_WooCommerce_Single_Order starts in 90 seconds :: obj_id 13497
2021-10-06T12:52:50+00:00 NOTICE order.member.updated :: Updated shamima1997@gmail.com subscriber status to transactional and language to 
2021-10-06T12:52:50+00:00 NOTICE order_submit.success :: updateStoreOrder :: #BPL-013129 :: email: shamima1997@gmail.com
2021-10-06T12:53:46+00:00 NOTICE validation.bad_email :: Order #BPL-013131 has an invalid email address. Skipping!
2021-10-06T12:57:48+00:00 NOTICE debug :: Order ID 13497 was pending and is now completed :: Array
(
    [new_order] => 1
    [tracking] => Array
        (
            [campaign_id] => 
            [landing_site] => https://dorgora.com/wp-admin/admin-ajax.php
        )

)

2021-10-06T12:57:48+00:00 NOTICE action_scheduler.queue_job :: MailChimp_WooCommerce_Single_Order starts in 90 seconds :: obj_id 13497
2021-10-06T13:00:10+00:00 NOTICE validation.bad_email :: Order #BPL-013131 has an invalid email address. Skipping!
2021-10-06T13:00:31+00:00 NOTICE action_scheduler.queue_job :: MailChimp_WooCommerce_Single_Order starts in 90 seconds :: obj_id 13497
2021-10-06T13:03:58+00:00 NOTICE validation.bad_email :: Order #BPL-013131 has an invalid email address. Skipping!
2021-10-06T14:36:22+00:00 NOTICE action_scheduler.queue_job :: MailChimp_WooCommerce_Single_Order starts in 90 seconds :: obj_id 13507
2021-10-06T14:36:36+00:00 NOTICE debug :: Order ID 13507 was pending and is now processing :: Array
(
    [new_order] => 1
    [tracking] => Array
        (
            [campaign_id] => 
            [landing_site] => 
        )

)

2021-10-06T14:38:00+00:00 NOTICE order.member.updated :: Updated razib.pro@gmail.com subscriber status to subscribed and language to en
2021-10-06T14:38:00+00:00 NOTICE order_submit.success :: addStoreOrder :: #BPL-013133 :: email: razib.pro@gmail.com
2021-10-06T14:42:55+00:00 NOTICE action_scheduler.queue_job :: MailChimp_WooCommerce_Single_Product starts in 5 seconds :: obj_id 9149
2021-10-06T14:43:03+00:00 NOTICE product_submit.success :: updateStoreProduct :: #9149
2021-10-06T14:44:30+00:00 NOTICE action_scheduler.queue_job :: MailChimp_WooCommerce_Single_Order starts in 90 seconds :: obj_id 13508
2021-10-06T14:44:33+00:00 NOTICE debug :: Order ID 13508 was pending and is now processing :: Array
(
    [new_order] => 1
    [tracking] => Array
        (
            [campaign_id] => 
            [landing_site] => https://dorgora.com/wp-admin/admin-ajax.php
        )

)

2021-10-06T14:46:32+00:00 NOTICE action_scheduler.queue_job :: MailChimp_WooCommerce_Single_Order starts in 90 seconds :: obj_id 13509
2021-10-06T14:46:39+00:00 NOTICE debug :: Order ID 13509 was pending and is now processing :: Array
(
    [new_order] => 1
    [tracking] => Array
        (
            [campaign_id] => 
            [landing_site] => https://dorgora.com/wp-admin/admin-ajax.php
        )

)

2021-10-06T14:46:41+00:00 NOTICE validation.bad_email :: Order #BPL-013134 has an invalid email address. Skipping!
2021-10-06T14:48:36+00:00 NOTICE validation.bad_email :: Order #BPL-013135 has an invalid email address. Skipping!
2021-10-06T14:50:36+00:00 NOTICE action_scheduler.queue_job :: MailChimp_WooCommerce_Single_Product starts in 5 seconds :: obj_id 4837
2021-10-06T14:50:58+00:00 NOTICE product_submit.success :: updateStoreProduct :: #4837
2021-10-06T14:54:13+00:00 NOTICE action_scheduler.queue_job :: MailChimp_WooCommerce_Single_Order starts in 90 seconds :: obj_id 13510
2021-10-06T14:54:27+00:00 NOTICE debug :: Order ID 13510 was pending and is now processing :: Array
(
    [new_order] => 1
    [tracking] => Array
        (
            [campaign_id] => 
            [landing_site] => 
        )

)

2021-10-06T14:55:57+00:00 NOTICE validation.bad_email :: Order #BPL-013136 has an invalid email address. Skipping!
