2021-10-23T04:23:44+00:00 NOTICE action_scheduler.queue_job :: MailChimp_WooCommerce_Single_Product starts in 5 seconds :: obj_id 13631
2021-10-23T04:23:52+00:00 NOTICE product_submit.success :: addStoreProduct :: #13631
2021-10-23T04:28:05+00:00 NOTICE action_scheduler.queue_job :: MailChimp_WooCommerce_Single_Product starts in 5 seconds :: obj_id 13635
2021-10-23T04:28:24+00:00 NOTICE product_submit.success :: addStoreProduct :: #13635
2021-10-23T04:44:16+00:00 NOTICE action_scheduler.queue_job :: MailChimp_WooCommerce_User_Submit queued :: obj_id 365
2021-10-23T04:44:16+00:00 NOTICE action_scheduler.queue_job :: MailChimp_WooCommerce_Single_Order starts in 90 seconds :: obj_id 13637
2021-10-23T04:44:20+00:00 NOTICE debug :: Order ID 13637 was pending and is now processing :: Array
(
    [new_order] => 1
    [tracking] => Array
        (
            [campaign_id] => 
            [landing_site] => https://dorgora.com/shop/baqara-ragab-shai-500gm/
        )

)

2021-10-23T04:45:50+00:00 NOTICE validation.bad_email :: Order #BPL-013173 has an invalid email address. Skipping!
2021-10-23T04:53:43+00:00 NOTICE action_scheduler.queue_job :: MailChimp_WooCommerce_Cart_Update queued :: obj_id c320409cf8dac81d49ab263bfb24f93e
2021-10-23T04:53:56+00:00 NOTICE abandoned_cart.success :: email: marfatislam@gmail.com :: checkout_url: https://dorgora.com/checkout/?mc_cart_id=c320409cf8dac81d49ab263bfb24f93e
2021-10-23T04:53:57+00:00 NOTICE cart.member.updated :: Updated marfatislam@gmail.com subscriber status to subscribed and language to en
2021-10-23T04:54:21+00:00 NOTICE action_scheduler.queue_job :: MailChimp_WooCommerce_Cart_Update queued :: obj_id c320409cf8dac81d49ab263bfb24f93e
2021-10-23T04:54:56+00:00 NOTICE abandoned_cart.success :: email: marfatislam@gmail.com :: checkout_url: https://dorgora.com/checkout/?mc_cart_id=c320409cf8dac81d49ab263bfb24f93e
2021-10-23T04:58:55+00:00 NOTICE action_scheduler.queue_job :: MailChimp_WooCommerce_User_Submit queued :: obj_id 126
2021-10-23T04:58:55+00:00 NOTICE action_scheduler.queue_job :: MailChimp_WooCommerce_Single_Order starts in 90 seconds :: obj_id 13638
2021-10-23T04:59:09+00:00 NOTICE debug :: Order ID 13638 was pending and is now processing :: Array
(
    [new_order] => 1
    [tracking] => Array
        (
            [campaign_id] => 
            [landing_site] => https://dorgora.com/?wc-ajax=get_refreshed_fragments
        )

)

2021-10-23T04:59:45+00:00 NOTICE member.sync :: Updated Member marfatislam@gmail.com ( merge fields only ) :: Array
(
    [merge_fields] => Array
        (
            [FNAME] => Md.Marfat
            [LNAME] => Ali
        )

)

2021-10-23T05:00:20+00:00 NOTICE debug :: Order ID 13638 was processing and is now cancelled :: Array
(
    [new_order] => 
    [tracking] => 
)

2021-10-23T05:01:38+00:00 NOTICE action_scheduler.queue_job :: MailChimp_WooCommerce_Cart_Update queued :: obj_id c320409cf8dac81d49ab263bfb24f93e
2021-10-23T05:01:56+00:00 NOTICE abandoned_cart.success :: email: marfatislam@gmail.com :: checkout_url: https://dorgora.com/checkout/?mc_cart_id=c320409cf8dac81d49ab263bfb24f93e
2021-10-23T05:02:00+00:00 NOTICE order.member.updated :: Updated marfatislam@gmail.com subscriber status to subscribed and language to en
2021-10-23T05:02:00+00:00 NOTICE order_submit.success :: addStoreOrder :: #BPL-013174 :: email: marfatislam@gmail.com :: landing site https://dorgora.com/?wc-ajax=get_refreshed_fragments :: abandoned cart deleted [c320409cf8dac81d49ab263bfb24f93e]
2021-10-23T05:09:12+00:00 NOTICE action_scheduler.queue_job :: MailChimp_WooCommerce_User_Submit queued :: obj_id 126
2021-10-23T05:09:12+00:00 NOTICE action_scheduler.queue_job :: MailChimp_WooCommerce_Single_Order starts in 90 seconds :: obj_id 13639
2021-10-23T05:09:25+00:00 NOTICE debug :: Order ID 13639 was pending and is now processing :: Array
(
    [new_order] => 1
    [tracking] => Array
        (
            [campaign_id] => 
            [landing_site] => https://dorgora.com/?wc-ajax=get_refreshed_fragments
        )

)

2021-10-23T05:09:30+00:00 NOTICE member.sync :: Updated Member marfatislam@gmail.com ( merge fields only ) :: Array
(
    [merge_fields] => Array
        (
            [FNAME] => Md.Marfat
            [LNAME] => Ali
        )

)

2021-10-23T05:10:13+00:00 NOTICE debug :: Order ID 13639 was processing and is now cancelled :: Array
(
    [new_order] => 
    [tracking] => 
)

2021-10-23T05:11:58+00:00 NOTICE order.member.updated :: Updated marfatislam@gmail.com subscriber status to subscribed and language to en
2021-10-23T05:11:58+00:00 NOTICE order_submit.success :: addStoreOrder :: #BPL-013175 :: email: marfatislam@gmail.com :: landing site https://dorgora.com/?wc-ajax=get_refreshed_fragments
2021-10-23T05:13:05+00:00 NOTICE action_scheduler.queue_job :: MailChimp_WooCommerce_Cart_Update queued :: obj_id c320409cf8dac81d49ab263bfb24f93e
2021-10-23T05:13:17+00:00 NOTICE abandoned_cart.success :: email: marfatislam@gmail.com :: checkout_url: https://dorgora.com/checkout/?mc_cart_id=c320409cf8dac81d49ab263bfb24f93e
2021-10-23T05:13:51+00:00 NOTICE action_scheduler.queue_job :: MailChimp_WooCommerce_Cart_Update queued :: obj_id c320409cf8dac81d49ab263bfb24f93e
2021-10-23T05:13:56+00:00 NOTICE abandoned_cart.success :: email: marfatislam@gmail.com :: checkout_url: https://dorgora.com/checkout/?mc_cart_id=c320409cf8dac81d49ab263bfb24f93e
2021-10-23T05:14:06+00:00 NOTICE action_scheduler.queue_job :: MailChimp_WooCommerce_User_Submit queued :: obj_id 126
2021-10-23T05:14:06+00:00 NOTICE action_scheduler.queue_job :: MailChimp_WooCommerce_Single_Order starts in 90 seconds :: obj_id 13640
2021-10-23T05:14:19+00:00 NOTICE debug :: Order ID 13640 was pending and is now processing :: Array
(
    [new_order] => 1
    [tracking] => Array
        (
            [campaign_id] => 
            [landing_site] => https://dorgora.com/?wc-ajax=get_refreshed_fragments
        )

)

2021-10-23T05:14:24+00:00 NOTICE member.sync :: Updated Member marfatislam@gmail.com ( merge fields only ) :: Array
(
    [merge_fields] => Array
        (
            [FNAME] => Md.Marfat
            [LNAME] => Ali
        )

)

2021-10-23T05:15:59+00:00 NOTICE order.member.updated :: Updated marfatislam@gmail.com subscriber status to subscribed and language to en
2021-10-23T05:15:59+00:00 NOTICE order_submit.success :: addStoreOrder :: #BPL-013176 :: email: marfatislam@gmail.com :: landing site https://dorgora.com/?wc-ajax=get_refreshed_fragments :: abandoned cart deleted [c320409cf8dac81d49ab263bfb24f93e]
2021-10-23T05:44:19+00:00 NOTICE action_scheduler.queue_job :: MailChimp_WooCommerce_Cart_Update queued :: obj_id c320409cf8dac81d49ab263bfb24f93e
2021-10-23T05:44:55+00:00 NOTICE abandoned_cart.success :: email: marfatislam@gmail.com :: checkout_url: https://dorgora.com/checkout/?mc_cart_id=c320409cf8dac81d49ab263bfb24f93e
2021-10-23T05:45:44+00:00 NOTICE action_scheduler.queue_job :: MailChimp_WooCommerce_Cart_Update queued :: obj_id c320409cf8dac81d49ab263bfb24f93e
2021-10-23T05:45:56+00:00 NOTICE abandoned_cart.success :: email: marfatislam@gmail.com :: checkout_url: https://dorgora.com/checkout/?mc_cart_id=c320409cf8dac81d49ab263bfb24f93e
2021-10-23T05:46:35+00:00 NOTICE action_scheduler.queue_job :: MailChimp_WooCommerce_User_Submit queued :: obj_id 126
2021-10-23T05:46:35+00:00 NOTICE action_scheduler.queue_job :: MailChimp_WooCommerce_Single_Order starts in 90 seconds :: obj_id 13641
2021-10-23T05:46:49+00:00 NOTICE debug :: Order ID 13641 was pending and is now processing :: Array
(
    [new_order] => 1
    [tracking] => Array
        (
            [campaign_id] => 
            [landing_site] => https://dorgora.com/?wc-ajax=get_refreshed_fragments
        )

)

2021-10-23T05:46:56+00:00 NOTICE member.sync :: Updated Member marfatislam@gmail.com ( merge fields only ) :: Array
(
    [merge_fields] => Array
        (
            [FNAME] => Md.Marfat
            [LNAME] => Ali
        )

)

2021-10-23T05:48:58+00:00 NOTICE order.member.updated :: Updated marfatislam@gmail.com subscriber status to subscribed and language to en
2021-10-23T05:48:58+00:00 NOTICE order_submit.success :: addStoreOrder :: #BPL-013177 :: email: marfatislam@gmail.com :: landing site https://dorgora.com/?wc-ajax=get_refreshed_fragments :: abandoned cart deleted [c320409cf8dac81d49ab263bfb24f93e]
2021-10-23T05:50:29+00:00 NOTICE action_scheduler.queue_job :: MailChimp_WooCommerce_Cart_Update queued :: obj_id c320409cf8dac81d49ab263bfb24f93e
2021-10-23T05:50:55+00:00 NOTICE abandoned_cart.success :: email: marfatislam@gmail.com :: checkout_url: https://dorgora.com/checkout/?mc_cart_id=c320409cf8dac81d49ab263bfb24f93e
2021-10-23T06:33:26+00:00 NOTICE action_scheduler.queue_job :: MailChimp_WooCommerce_Cart_Update queued :: obj_id c320409cf8dac81d49ab263bfb24f93e
2021-10-23T06:33:59+00:00 NOTICE abandoned_cart.success :: email: marfatislam@gmail.com :: checkout_url: https://dorgora.com/checkout/?mc_cart_id=c320409cf8dac81d49ab263bfb24f93e
2021-10-23T06:34:00+00:00 NOTICE cart.member.updated :: Updated marfatislam@gmail.com subscriber status to subscribed and language to en
2021-10-23T06:37:50+00:00 NOTICE action_scheduler.queue_job :: MailChimp_WooCommerce_User_Submit queued :: obj_id 126
2021-10-23T06:37:50+00:00 NOTICE action_scheduler.queue_job :: MailChimp_WooCommerce_Single_Order starts in 90 seconds :: obj_id 13642
2021-10-23T06:37:55+00:00 NOTICE member.sync :: Updated Member marfatislam@gmail.com ( merge fields only ) :: Array
(
    [merge_fields] => Array
        (
            [FNAME] => Md.Marfat
            [LNAME] => Ali
        )

)

2021-10-23T06:38:04+00:00 NOTICE debug :: Order ID 13642 was pending and is now processing :: Array
(
    [new_order] => 1
    [tracking] => Array
        (
            [campaign_id] => 
            [landing_site] => https://dorgora.com/?wc-ajax=get_refreshed_fragments
        )

)

2021-10-23T06:38:36+00:00 NOTICE action_scheduler.queue_job :: MailChimp_WooCommerce_Cart_Update queued :: obj_id c320409cf8dac81d49ab263bfb24f93e
2021-10-23T06:38:55+00:00 NOTICE abandoned_cart.success :: email: marfatislam@gmail.com :: checkout_url: https://dorgora.com/checkout/?mc_cart_id=c320409cf8dac81d49ab263bfb24f93e
2021-10-23T06:39:06+00:00 NOTICE action_scheduler.queue_job :: MailChimp_WooCommerce_Cart_Update queued :: obj_id c320409cf8dac81d49ab263bfb24f93e
2021-10-23T06:39:53+00:00 NOTICE abandoned_cart.success :: email: marfatislam@gmail.com :: checkout_url: https://dorgora.com/checkout/?mc_cart_id=c320409cf8dac81d49ab263bfb24f93e
2021-10-23T06:39:57+00:00 NOTICE order.member.updated :: Updated marfatislam@gmail.com subscriber status to subscribed and language to en
2021-10-23T06:39:57+00:00 NOTICE order_submit.success :: addStoreOrder :: #BPL-013178 :: email: marfatislam@gmail.com :: landing site https://dorgora.com/?wc-ajax=get_refreshed_fragments :: abandoned cart deleted [c320409cf8dac81d49ab263bfb24f93e]
2021-10-23T06:43:07+00:00 NOTICE action_scheduler.queue_job :: MailChimp_WooCommerce_Cart_Update queued :: obj_id c320409cf8dac81d49ab263bfb24f93e
2021-10-23T06:43:09+00:00 NOTICE abandoned_cart.success :: email: marfatislam@gmail.com :: checkout_url: https://dorgora.com/checkout/?mc_cart_id=c320409cf8dac81d49ab263bfb24f93e
2021-10-23T06:47:00+00:00 NOTICE action_scheduler.queue_job :: MailChimp_WooCommerce_User_Submit queued :: obj_id 126
2021-10-23T06:47:00+00:00 NOTICE action_scheduler.queue_job :: MailChimp_WooCommerce_Single_Order starts in 90 seconds :: obj_id 13643
2021-10-23T06:47:05+00:00 NOTICE member.sync :: Updated Member marfatislam@gmail.com ( merge fields only ) :: Array
(
    [merge_fields] => Array
        (
            [FNAME] => Md.Marfat
            [LNAME] => Ali
        )

)

2021-10-23T06:47:13+00:00 NOTICE debug :: Order ID 13643 was pending and is now processing :: Array
(
    [new_order] => 1
    [tracking] => Array
        (
            [campaign_id] => 
            [landing_site] => https://dorgora.com/?wc-ajax=get_refreshed_fragments
        )

)

2021-10-23T06:47:49+00:00 NOTICE action_scheduler.queue_job :: MailChimp_WooCommerce_Cart_Update queued :: obj_id c320409cf8dac81d49ab263bfb24f93e
2021-10-23T06:47:55+00:00 NOTICE abandoned_cart.success :: email: marfatislam@gmail.com :: checkout_url: https://dorgora.com/checkout/?mc_cart_id=c320409cf8dac81d49ab263bfb24f93e
2021-10-23T06:48:46+00:00 NOTICE order.member.updated :: Updated marfatislam@gmail.com subscriber status to subscribed and language to en
2021-10-23T06:48:46+00:00 NOTICE order_submit.success :: addStoreOrder :: #BPL-013179 :: email: marfatislam@gmail.com :: landing site https://dorgora.com/?wc-ajax=get_refreshed_fragments :: abandoned cart deleted [c320409cf8dac81d49ab263bfb24f93e]
2021-10-23T06:54:15+00:00 NOTICE action_scheduler.queue_job :: MailChimp_WooCommerce_User_Submit queued :: obj_id 126
2021-10-23T06:54:15+00:00 NOTICE action_scheduler.queue_job :: MailChimp_WooCommerce_Single_Order starts in 90 seconds :: obj_id 13644
2021-10-23T06:54:29+00:00 NOTICE debug :: Order ID 13644 was pending and is now processing :: Array
(
    [new_order] => 1
    [tracking] => Array
        (
            [campaign_id] => 
            [landing_site] => https://dorgora.com/?wc-ajax=get_refreshed_fragments
        )

)

2021-10-23T06:54:58+00:00 NOTICE member.sync :: Updated Member marfatislam@gmail.com ( merge fields only ) :: Array
(
    [merge_fields] => Array
        (
            [FNAME] => Md.Marfat
            [LNAME] => Ali
        )

)

2021-10-23T06:55:08+00:00 NOTICE action_scheduler.queue_job :: MailChimp_WooCommerce_Cart_Update queued :: obj_id c320409cf8dac81d49ab263bfb24f93e
2021-10-23T06:56:00+00:00 NOTICE abandoned_cart.success :: email: marfatislam@gmail.com :: checkout_url: https://dorgora.com/checkout/?mc_cart_id=c320409cf8dac81d49ab263bfb24f93e
2021-10-23T06:56:04+00:00 NOTICE order.member.updated :: Updated marfatislam@gmail.com subscriber status to subscribed and language to en
2021-10-23T06:56:04+00:00 NOTICE order_submit.success :: addStoreOrder :: #BPL-013180 :: email: marfatislam@gmail.com :: landing site https://dorgora.com/?wc-ajax=get_refreshed_fragments :: abandoned cart deleted [c320409cf8dac81d49ab263bfb24f93e]
2021-10-23T07:51:52+00:00 NOTICE action_scheduler.queue_job :: MailChimp_WooCommerce_Cart_Update queued :: obj_id c320409cf8dac81d49ab263bfb24f93e
2021-10-23T07:51:55+00:00 NOTICE abandoned_cart.success :: email: marfatislam@gmail.com :: checkout_url: https://dorgora.com/checkout/?mc_cart_id=c320409cf8dac81d49ab263bfb24f93e
2021-10-23T07:51:56+00:00 NOTICE cart.member.updated :: Updated marfatislam@gmail.com subscriber status to subscribed and language to en
2021-10-23T07:52:37+00:00 NOTICE action_scheduler.queue_job :: MailChimp_WooCommerce_User_Submit queued :: obj_id 126
2021-10-23T07:52:37+00:00 NOTICE action_scheduler.queue_job :: MailChimp_WooCommerce_Single_Order starts in 90 seconds :: obj_id 13645
2021-10-23T07:52:50+00:00 NOTICE debug :: Order ID 13645 was pending and is now processing :: Array
(
    [new_order] => 1
    [tracking] => Array
        (
            [campaign_id] => 
            [landing_site] => https://dorgora.com/?wc-ajax=get_refreshed_fragments
        )

)

2021-10-23T07:52:54+00:00 NOTICE member.sync :: Updated Member marfatislam@gmail.com ( merge fields only ) :: Array
(
    [merge_fields] => Array
        (
            [FNAME] => Md.Marfat
            [LNAME] => Ali
        )

)

2021-10-23T07:53:07+00:00 NOTICE action_scheduler.queue_job :: MailChimp_WooCommerce_Cart_Update queued :: obj_id c320409cf8dac81d49ab263bfb24f93e
2021-10-23T07:53:56+00:00 NOTICE abandoned_cart.success :: email: marfatislam@gmail.com :: checkout_url: https://dorgora.com/checkout/?mc_cart_id=c320409cf8dac81d49ab263bfb24f93e
2021-10-23T07:54:19+00:00 NOTICE order.member.updated :: Updated marfatislam@gmail.com subscriber status to subscribed and language to en
2021-10-23T07:54:19+00:00 NOTICE order_submit.success :: addStoreOrder :: #BPL-013181 :: email: marfatislam@gmail.com :: landing site https://dorgora.com/?wc-ajax=get_refreshed_fragments :: abandoned cart deleted [c320409cf8dac81d49ab263bfb24f93e]
2021-10-23T07:55:17+00:00 NOTICE action_scheduler.queue_job :: MailChimp_WooCommerce_Cart_Update queued :: obj_id c320409cf8dac81d49ab263bfb24f93e
2021-10-23T07:55:20+00:00 NOTICE abandoned_cart.success :: email: marfatislam@gmail.com :: checkout_url: https://dorgora.com/checkout/?mc_cart_id=c320409cf8dac81d49ab263bfb24f93e
2021-10-23T08:00:20+00:00 NOTICE action_scheduler.queue_job :: MailChimp_WooCommerce_Cart_Update queued :: obj_id c320409cf8dac81d49ab263bfb24f93e
2021-10-23T08:00:22+00:00 NOTICE abandoned_cart.success :: email: marfatislam@gmail.com :: checkout_url: https://dorgora.com/checkout/?mc_cart_id=c320409cf8dac81d49ab263bfb24f93e
2021-10-23T08:01:28+00:00 NOTICE action_scheduler.queue_job :: MailChimp_WooCommerce_Cart_Update queued :: obj_id c320409cf8dac81d49ab263bfb24f93e
2021-10-23T08:01:30+00:00 NOTICE abandoned_cart.success :: email: marfatislam@gmail.com :: checkout_url: https://dorgora.com/checkout/?mc_cart_id=c320409cf8dac81d49ab263bfb24f93e
2021-10-23T08:04:31+00:00 NOTICE action_scheduler.queue_job :: MailChimp_WooCommerce_Cart_Update queued :: obj_id c320409cf8dac81d49ab263bfb24f93e
2021-10-23T08:04:56+00:00 NOTICE abandoned_cart.success :: email: marfatislam@gmail.com :: checkout_url: https://dorgora.com/checkout/?mc_cart_id=c320409cf8dac81d49ab263bfb24f93e
2021-10-23T08:10:37+00:00 NOTICE action_scheduler.queue_job :: MailChimp_WooCommerce_Cart_Update queued :: obj_id c320409cf8dac81d49ab263bfb24f93e
2021-10-23T08:10:37+00:00 NOTICE action_scheduler.queue_job :: MailChimp_WooCommerce_Cart_Update queued :: obj_id c320409cf8dac81d49ab263bfb24f93e
2021-10-23T08:11:01+00:00 NOTICE abandoned_cart.success :: email: marfatislam@gmail.com :: checkout_url: https://dorgora.com/checkout/?mc_cart_id=c320409cf8dac81d49ab263bfb24f93e
2021-10-23T08:11:02+00:00 NOTICE abandoned_cart.success :: email: marfatislam@gmail.com :: checkout_url: https://dorgora.com/checkout/?mc_cart_id=c320409cf8dac81d49ab263bfb24f93e
2021-10-23T08:11:59+00:00 NOTICE action_scheduler.queue_job :: MailChimp_WooCommerce_Cart_Update queued :: obj_id c320409cf8dac81d49ab263bfb24f93e
2021-10-23T08:12:41+00:00 NOTICE abandoned_cart.success :: email: marfatislam@gmail.com :: checkout_url: https://dorgora.com/checkout/?mc_cart_id=c320409cf8dac81d49ab263bfb24f93e
2021-10-23T08:17:03+00:00 NOTICE action_scheduler.queue_job :: MailChimp_WooCommerce_Cart_Update queued :: obj_id c320409cf8dac81d49ab263bfb24f93e
2021-10-23T08:17:35+00:00 NOTICE abandoned_cart.success :: email: marfatislam@gmail.com :: checkout_url: https://dorgora.com/checkout/?mc_cart_id=c320409cf8dac81d49ab263bfb24f93e
2021-10-23T08:18:05+00:00 NOTICE action_scheduler.queue_job :: MailChimp_WooCommerce_Cart_Update queued :: obj_id c320409cf8dac81d49ab263bfb24f93e
2021-10-23T08:18:47+00:00 NOTICE abandoned_cart.success :: email: marfatislam@gmail.com :: checkout_url: https://dorgora.com/checkout/?mc_cart_id=c320409cf8dac81d49ab263bfb24f93e
2021-10-23T08:25:38+00:00 NOTICE action_scheduler.queue_job :: MailChimp_WooCommerce_User_Submit queued :: obj_id 126
2021-10-23T08:25:38+00:00 NOTICE action_scheduler.queue_job :: MailChimp_WooCommerce_Single_Order starts in 90 seconds :: obj_id 13647
2021-10-23T08:25:52+00:00 NOTICE debug :: Order ID 13647 was pending and is now processing :: Array
(
    [new_order] => 1
    [tracking] => Array
        (
            [campaign_id] => 
            [landing_site] => https://dorgora.com/?wc-ajax=get_refreshed_fragments
        )

)

2021-10-23T08:25:56+00:00 NOTICE member.sync :: Updated Member marfatislam@gmail.com ( merge fields only ) :: Array
(
    [merge_fields] => Array
        (
            [FNAME] => Md.Marfat
            [LNAME] => Ali
        )

)

2021-10-23T08:26:55+00:00 NOTICE action_scheduler.queue_job :: MailChimp_WooCommerce_Single_Order starts in 90 seconds :: obj_id 13640
2021-10-23T08:26:58+00:00 NOTICE debug :: Order ID 13640 was processing and is now cancelled :: Array
(
    [new_order] => 
    [tracking] => 
)

2021-10-23T08:26:58+00:00 NOTICE action_scheduler.queue_job :: MailChimp_WooCommerce_Single_Order starts in 90 seconds :: obj_id 13641
2021-10-23T08:27:01+00:00 NOTICE debug :: Order ID 13641 was processing and is now cancelled :: Array
(
    [new_order] => 
    [tracking] => 
)

2021-10-23T08:27:01+00:00 NOTICE action_scheduler.queue_job :: MailChimp_WooCommerce_Single_Order starts in 90 seconds :: obj_id 13642
2021-10-23T08:27:04+00:00 NOTICE debug :: Order ID 13642 was processing and is now cancelled :: Array
(
    [new_order] => 
    [tracking] => 
)

2021-10-23T08:27:04+00:00 NOTICE action_scheduler.queue_job :: MailChimp_WooCommerce_Single_Order starts in 90 seconds :: obj_id 13643
2021-10-23T08:27:07+00:00 NOTICE debug :: Order ID 13643 was processing and is now cancelled :: Array
(
    [new_order] => 
    [tracking] => 
)

2021-10-23T08:27:07+00:00 NOTICE action_scheduler.queue_job :: MailChimp_WooCommerce_Single_Order starts in 90 seconds :: obj_id 13644
2021-10-23T08:27:10+00:00 NOTICE debug :: Order ID 13644 was processing and is now cancelled :: Array
(
    [new_order] => 
    [tracking] => 
)

2021-10-23T08:27:10+00:00 NOTICE action_scheduler.queue_job :: MailChimp_WooCommerce_Single_Order starts in 90 seconds :: obj_id 13645
2021-10-23T08:27:12+00:00 NOTICE debug :: Order ID 13645 was processing and is now cancelled :: Array
(
    [new_order] => 
    [tracking] => 
)

2021-10-23T08:27:15+00:00 NOTICE debug :: Order ID 13647 was processing and is now cancelled :: Array
(
    [new_order] => 
    [tracking] => 
)

2021-10-23T08:29:03+00:00 NOTICE order.member.updated :: Updated marfatislam@gmail.com subscriber status to subscribed and language to 
2021-10-23T08:29:03+00:00 NOTICE order_submit.success :: updateStoreOrder :: #BPL-013176 :: email: marfatislam@gmail.com :: abandoned cart deleted [c320409cf8dac81d49ab263bfb24f93e]
2021-10-23T08:29:07+00:00 NOTICE order.member.updated :: Updated marfatislam@gmail.com subscriber status to subscribed and language to 
2021-10-23T08:29:07+00:00 NOTICE order_submit.success :: updateStoreOrder :: #BPL-013177 :: email: marfatislam@gmail.com
2021-10-23T08:29:10+00:00 NOTICE order.member.updated :: Updated marfatislam@gmail.com subscriber status to subscribed and language to 
2021-10-23T08:29:10+00:00 NOTICE order_submit.success :: updateStoreOrder :: #BPL-013178 :: email: marfatislam@gmail.com
2021-10-23T08:29:15+00:00 NOTICE order.member.updated :: Updated marfatislam@gmail.com subscriber status to subscribed and language to 
2021-10-23T08:29:15+00:00 NOTICE order_submit.success :: updateStoreOrder :: #BPL-013179 :: email: marfatislam@gmail.com
2021-10-23T08:29:18+00:00 NOTICE order.member.updated :: Updated marfatislam@gmail.com subscriber status to subscribed and language to 
2021-10-23T08:29:18+00:00 NOTICE order_submit.success :: updateStoreOrder :: #BPL-013180 :: email: marfatislam@gmail.com
2021-10-23T08:29:22+00:00 NOTICE order.member.updated :: Updated marfatislam@gmail.com subscriber status to subscribed and language to 
2021-10-23T08:29:22+00:00 NOTICE order_submit.success :: updateStoreOrder :: #BPL-013181 :: email: marfatislam@gmail.com
2021-10-23T08:29:26+00:00 NOTICE order.member.updated :: Updated marfatislam@gmail.com subscriber status to subscribed and language to en
2021-10-23T08:29:26+00:00 NOTICE order_submit.success :: addStoreOrder :: #BPL-013182 :: email: marfatislam@gmail.com :: landing site https://dorgora.com/?wc-ajax=get_refreshed_fragments
2021-10-23T09:51:09+00:00 NOTICE action_scheduler.queue_job :: MailChimp_WooCommerce_Cart_Update queued :: obj_id c320409cf8dac81d49ab263bfb24f93e
2021-10-23T09:51:44+00:00 NOTICE abandoned_cart.success :: email: marfatislam@gmail.com :: checkout_url: https://dorgora.com/checkout/?mc_cart_id=c320409cf8dac81d49ab263bfb24f93e
2021-10-23T09:51:44+00:00 NOTICE cart.member.updated :: Updated marfatislam@gmail.com subscriber status to subscribed and language to en
2021-10-23T09:56:26+00:00 NOTICE action_scheduler.queue_job :: MailChimp_WooCommerce_Single_Product starts in 5 seconds :: obj_id 13635
2021-10-23T09:56:51+00:00 NOTICE product_submit.success :: updateStoreProduct :: #13635
2021-10-23T09:57:04+00:00 NOTICE action_scheduler.queue_job :: MailChimp_WooCommerce_Single_Product starts in 5 seconds :: obj_id 13635
2021-10-23T09:57:56+00:00 NOTICE product_submit.success :: updateStoreProduct :: #13635
2021-10-23T09:58:04+00:00 NOTICE action_scheduler.queue_job :: MailChimp_WooCommerce_Single_Product starts in 5 seconds :: obj_id 13635
2021-10-23T09:58:56+00:00 NOTICE product_submit.success :: updateStoreProduct :: #13635
2021-10-23T10:08:23+00:00 NOTICE action_scheduler.queue_job :: MailChimp_WooCommerce_Single_Product starts in 5 seconds :: obj_id 13635
2021-10-23T10:08:32+00:00 NOTICE product_submit.success :: updateStoreProduct :: #13635
2021-10-23T10:09:21+00:00 NOTICE action_scheduler.queue_job :: MailChimp_WooCommerce_Cart_Update queued :: obj_id c320409cf8dac81d49ab263bfb24f93e
2021-10-23T10:09:57+00:00 NOTICE abandoned_cart.success :: email: marfatislam@gmail.com :: checkout_url: https://dorgora.com/checkout/?mc_cart_id=c320409cf8dac81d49ab263bfb24f93e
2021-10-23T10:10:03+00:00 NOTICE action_scheduler.queue_job :: MailChimp_WooCommerce_Cart_Update queued :: obj_id c320409cf8dac81d49ab263bfb24f93e
2021-10-23T10:10:05+00:00 NOTICE abandoned_cart.success :: email: marfatislam@gmail.com :: checkout_url: https://dorgora.com/checkout/?mc_cart_id=c320409cf8dac81d49ab263bfb24f93e
2021-10-23T10:12:49+00:00 NOTICE action_scheduler.queue_job :: MailChimp_WooCommerce_Cart_Update queued :: obj_id c320409cf8dac81d49ab263bfb24f93e
2021-10-23T10:12:51+00:00 NOTICE abandoned_cart.success :: email: marfatislam@gmail.com :: checkout_url: https://dorgora.com/checkout/?mc_cart_id=c320409cf8dac81d49ab263bfb24f93e
2021-10-23T10:14:54+00:00 NOTICE action_scheduler.queue_job :: MailChimp_WooCommerce_Cart_Update queued :: obj_id c320409cf8dac81d49ab263bfb24f93e
2021-10-23T10:14:56+00:00 NOTICE abandoned_cart.success :: email: marfatislam@gmail.com :: checkout_url: https://dorgora.com/checkout/?mc_cart_id=c320409cf8dac81d49ab263bfb24f93e
2021-10-23T10:17:36+00:00 NOTICE action_scheduler.queue_job :: MailChimp_WooCommerce_Cart_Update queued :: obj_id c320409cf8dac81d49ab263bfb24f93e
2021-10-23T10:17:58+00:00 NOTICE abandoned_cart.success :: email: marfatislam@gmail.com :: checkout_url: https://dorgora.com/checkout/?mc_cart_id=c320409cf8dac81d49ab263bfb24f93e
2021-10-23T10:20:22+00:00 NOTICE action_scheduler.queue_job :: MailChimp_WooCommerce_Cart_Update queued :: obj_id c320409cf8dac81d49ab263bfb24f93e
2021-10-23T10:20:24+00:00 NOTICE abandoned_cart.success :: email: marfatislam@gmail.com :: checkout_url: https://dorgora.com/checkout/?mc_cart_id=c320409cf8dac81d49ab263bfb24f93e
2021-10-23T10:22:29+00:00 NOTICE action_scheduler.queue_job :: MailChimp_WooCommerce_Cart_Update queued :: obj_id c320409cf8dac81d49ab263bfb24f93e
2021-10-23T10:22:55+00:00 NOTICE abandoned_cart.success :: email: marfatislam@gmail.com :: checkout_url: https://dorgora.com/checkout/?mc_cart_id=c320409cf8dac81d49ab263bfb24f93e
2021-10-23T10:23:50+00:00 NOTICE action_scheduler.queue_job :: MailChimp_WooCommerce_Cart_Update queued :: obj_id c320409cf8dac81d49ab263bfb24f93e
2021-10-23T10:23:57+00:00 NOTICE abandoned_cart.success :: email: marfatislam@gmail.com :: checkout_url: https://dorgora.com/checkout/?mc_cart_id=c320409cf8dac81d49ab263bfb24f93e
2021-10-23T10:24:20+00:00 NOTICE action_scheduler.queue_job :: MailChimp_WooCommerce_Cart_Update queued :: obj_id c320409cf8dac81d49ab263bfb24f93e
2021-10-23T10:24:31+00:00 NOTICE abandoned_cart.success :: email: marfatislam@gmail.com :: checkout_url: https://dorgora.com/checkout/?mc_cart_id=c320409cf8dac81d49ab263bfb24f93e
2021-10-23T10:24:47+00:00 NOTICE action_scheduler.queue_job :: MailChimp_WooCommerce_Cart_Update queued :: obj_id c320409cf8dac81d49ab263bfb24f93e
2021-10-23T10:24:58+00:00 NOTICE abandoned_cart.success :: email: marfatislam@gmail.com :: checkout_url: https://dorgora.com/checkout/?mc_cart_id=c320409cf8dac81d49ab263bfb24f93e
2021-10-23T10:25:34+00:00 NOTICE action_scheduler.queue_job :: MailChimp_WooCommerce_Cart_Update queued :: obj_id c320409cf8dac81d49ab263bfb24f93e
2021-10-23T10:26:07+00:00 NOTICE abandoned_cart.success :: email: marfatislam@gmail.com :: checkout_url: https://dorgora.com/checkout/?mc_cart_id=c320409cf8dac81d49ab263bfb24f93e
2021-10-23T10:50:15+00:00 NOTICE action_scheduler.queue_job :: MailChimp_WooCommerce_Cart_Update queued :: obj_id c320409cf8dac81d49ab263bfb24f93e
2021-10-23T10:50:17+00:00 NOTICE abandoned_cart.success :: email: marfatislam@gmail.com :: checkout_url: https://dorgora.com/checkout/?mc_cart_id=c320409cf8dac81d49ab263bfb24f93e
2021-10-23T10:52:51+00:00 NOTICE action_scheduler.queue_job :: MailChimp_WooCommerce_Cart_Update queued :: obj_id c320409cf8dac81d49ab263bfb24f93e
2021-10-23T10:52:59+00:00 NOTICE abandoned_cart.success :: email: marfatislam@gmail.com :: checkout_url: https://dorgora.com/checkout/?mc_cart_id=c320409cf8dac81d49ab263bfb24f93e
2021-10-23T10:52:59+00:00 NOTICE cart.member.updated :: Updated marfatislam@gmail.com subscriber status to subscribed and language to en
2021-10-23T10:54:16+00:00 NOTICE action_scheduler.queue_job :: MailChimp_WooCommerce_Cart_Update queued :: obj_id c320409cf8dac81d49ab263bfb24f93e
2021-10-23T10:54:29+00:00 NOTICE abandoned_cart.success :: email: marfatislam@gmail.com :: checkout_url: https://dorgora.com/checkout/?mc_cart_id=c320409cf8dac81d49ab263bfb24f93e
2021-10-23T10:57:36+00:00 NOTICE action_scheduler.queue_job :: MailChimp_WooCommerce_Cart_Update queued :: obj_id c320409cf8dac81d49ab263bfb24f93e
2021-10-23T10:57:57+00:00 NOTICE abandoned_cart.success :: email: marfatislam@gmail.com :: checkout_url: https://dorgora.com/checkout/?mc_cart_id=c320409cf8dac81d49ab263bfb24f93e
2021-10-23T11:07:54+00:00 NOTICE action_scheduler.queue_job :: MailChimp_WooCommerce_Cart_Update queued :: obj_id c320409cf8dac81d49ab263bfb24f93e
2021-10-23T11:07:55+00:00 NOTICE abandoned_cart.success :: email: marfatislam@gmail.com :: checkout_url: https://dorgora.com/checkout/?mc_cart_id=c320409cf8dac81d49ab263bfb24f93e
2021-10-23T11:08:55+00:00 NOTICE action_scheduler.queue_job :: MailChimp_WooCommerce_Cart_Update queued :: obj_id c320409cf8dac81d49ab263bfb24f93e
2021-10-23T11:08:57+00:00 NOTICE abandoned_cart.success :: email: marfatislam@gmail.com :: checkout_url: https://dorgora.com/checkout/?mc_cart_id=c320409cf8dac81d49ab263bfb24f93e
2021-10-23T11:09:43+00:00 NOTICE action_scheduler.queue_job :: MailChimp_WooCommerce_Cart_Update queued :: obj_id c320409cf8dac81d49ab263bfb24f93e
2021-10-23T11:09:59+00:00 NOTICE abandoned_cart.success :: email: marfatislam@gmail.com :: checkout_url: https://dorgora.com/checkout/?mc_cart_id=c320409cf8dac81d49ab263bfb24f93e
2021-10-23T11:16:37+00:00 NOTICE action_scheduler.queue_job :: MailChimp_WooCommerce_Cart_Update queued :: obj_id c320409cf8dac81d49ab263bfb24f93e
2021-10-23T11:16:37+00:00 NOTICE action_scheduler.queue_job :: MailChimp_WooCommerce_Cart_Update queued :: obj_id c320409cf8dac81d49ab263bfb24f93e
2021-10-23T11:16:55+00:00 NOTICE abandoned_cart.success :: email: marfatislam@gmail.com :: checkout_url: https://dorgora.com/checkout/?mc_cart_id=c320409cf8dac81d49ab263bfb24f93e
2021-10-23T11:16:56+00:00 NOTICE abandoned_cart.success :: email: marfatislam@gmail.com :: checkout_url: https://dorgora.com/checkout/?mc_cart_id=c320409cf8dac81d49ab263bfb24f93e
2021-10-23T11:18:19+00:00 NOTICE action_scheduler.queue_job :: MailChimp_WooCommerce_Cart_Update queued :: obj_id c320409cf8dac81d49ab263bfb24f93e
2021-10-23T11:18:55+00:00 NOTICE abandoned_cart.success :: email: marfatislam@gmail.com :: checkout_url: https://dorgora.com/checkout/?mc_cart_id=c320409cf8dac81d49ab263bfb24f93e
2021-10-23T11:19:19+00:00 NOTICE action_scheduler.queue_job :: MailChimp_WooCommerce_Cart_Update queued :: obj_id c320409cf8dac81d49ab263bfb24f93e
2021-10-23T11:19:21+00:00 NOTICE abandoned_cart.success :: email: marfatislam@gmail.com :: checkout_url: https://dorgora.com/checkout/?mc_cart_id=c320409cf8dac81d49ab263bfb24f93e
2021-10-23T11:20:36+00:00 NOTICE action_scheduler.queue_job :: MailChimp_WooCommerce_Cart_Update queued :: obj_id c320409cf8dac81d49ab263bfb24f93e
2021-10-23T11:20:56+00:00 NOTICE abandoned_cart.success :: email: marfatislam@gmail.com :: checkout_url: https://dorgora.com/checkout/?mc_cart_id=c320409cf8dac81d49ab263bfb24f93e
2021-10-23T11:21:14+00:00 NOTICE action_scheduler.queue_job :: MailChimp_WooCommerce_Cart_Update queued :: obj_id c320409cf8dac81d49ab263bfb24f93e
2021-10-23T11:21:31+00:00 NOTICE abandoned_cart.success :: email: marfatislam@gmail.com :: checkout_url: https://dorgora.com/checkout/?mc_cart_id=c320409cf8dac81d49ab263bfb24f93e
2021-10-23T11:21:54+00:00 NOTICE action_scheduler.queue_job :: MailChimp_WooCommerce_Cart_Update queued :: obj_id c320409cf8dac81d49ab263bfb24f93e
2021-10-23T11:21:57+00:00 NOTICE abandoned_cart.success :: email: marfatislam@gmail.com :: checkout_url: https://dorgora.com/checkout/?mc_cart_id=c320409cf8dac81d49ab263bfb24f93e
2021-10-23T11:42:58+00:00 NOTICE action_scheduler.queue_job :: MailChimp_WooCommerce_Cart_Update queued :: obj_id c320409cf8dac81d49ab263bfb24f93e
2021-10-23T11:43:31+00:00 NOTICE abandoned_cart.success :: email: marfatislam@gmail.com :: checkout_url: https://dorgora.com/checkout/?mc_cart_id=c320409cf8dac81d49ab263bfb24f93e
2021-10-23T12:01:33+00:00 NOTICE action_scheduler.queue_job :: MailChimp_WooCommerce_Cart_Update queued :: obj_id c320409cf8dac81d49ab263bfb24f93e
2021-10-23T12:01:56+00:00 NOTICE abandoned_cart.success :: email: marfatislam@gmail.com :: checkout_url: https://dorgora.com/checkout/?mc_cart_id=c320409cf8dac81d49ab263bfb24f93e
2021-10-23T12:01:56+00:00 NOTICE cart.member.updated :: Updated marfatislam@gmail.com subscriber status to subscribed and language to en
2021-10-23T12:08:40+00:00 NOTICE action_scheduler.queue_job :: MailChimp_WooCommerce_Cart_Update queued :: obj_id a1f58cf38c6a2a7d0eac0b00461bbd02
2021-10-23T12:08:43+00:00 NOTICE abandoned_cart.success :: email: mkt1.dorgora@gmail.com :: checkout_url: https://dorgora.com/checkout/?mc_cart_id=a1f58cf38c6a2a7d0eac0b00461bbd02
2021-10-23T12:08:44+00:00 NOTICE cart.member.updated :: Updated mkt1.dorgora@gmail.com subscriber status to subscribed and language to en
2021-10-23T12:09:13+00:00 NOTICE action_scheduler.queue_job :: MailChimp_WooCommerce_User_Submit queued :: obj_id 344
2021-10-23T12:09:13+00:00 NOTICE action_scheduler.queue_job :: MailChimp_WooCommerce_Single_Order starts in 90 seconds :: obj_id 13648
2021-10-23T12:09:26+00:00 NOTICE debug :: Order ID 13648 was pending and is now processing :: Array
(
    [new_order] => 1
    [tracking] => Array
        (
            [campaign_id] => 
            [landing_site] => https://dorgora.com/?wc-ajax=get_refreshed_fragments
        )

)

2021-10-23T12:09:59+00:00 NOTICE member.sync :: Updated Member mkt1.dorgora@gmail.com ( merge fields only ) :: Array
(
    [merge_fields] => Array
        (
            [FNAME] => Omar
            [LNAME] => Khandokar
        )

)

2021-10-23T12:11:00+00:00 NOTICE order.member.updated :: Updated mkt1dorgora@gmail.com subscriber status to subscribed and language to en
2021-10-23T12:11:00+00:00 NOTICE order_submit.success :: updateStoreOrder :: #BPL-013174 :: email: mkt1dorgora@gmail.com
2021-10-23T12:14:26+00:00 NOTICE debug :: Order ID 13648 was processing and is now on-hold :: Array
(
    [new_order] => 
    [tracking] => 
)

2021-10-23T12:14:26+00:00 NOTICE action_scheduler.queue_job :: MailChimp_WooCommerce_Single_Order starts in 90 seconds :: obj_id 13648
2021-10-23T12:16:30+00:00 NOTICE order.member.updated :: Updated mkt1dorgora@gmail.com subscriber status to subscribed and language to 
2021-10-23T12:16:30+00:00 NOTICE order_submit.success :: updateStoreOrder :: #BPL-013174 :: email: mkt1dorgora@gmail.com
2021-10-23T12:37:31+00:00 NOTICE action_scheduler.queue_job :: MailChimp_WooCommerce_Cart_Update queued :: obj_id c320409cf8dac81d49ab263bfb24f93e
2021-10-23T12:37:53+00:00 NOTICE abandoned_cart.success :: email: marfatislam@gmail.com :: checkout_url: https://dorgora.com/checkout/?mc_cart_id=c320409cf8dac81d49ab263bfb24f93e
2021-10-23T12:42:50+00:00 NOTICE action_scheduler.queue_job :: MailChimp_WooCommerce_Cart_Update queued :: obj_id b14d7625457cf7b98cce6d6bc1cd8b68
2021-10-23T12:42:57+00:00 NOTICE abandoned_cart.success :: email: junioracc.dorgora@gmail.com :: checkout_url: https://dorgora.com/checkout/?mc_cart_id=b14d7625457cf7b98cce6d6bc1cd8b68
2021-10-23T12:42:57+00:00 NOTICE cart.member.updated :: Updated junioracc.dorgora@gmail.com subscriber status to subscribed and language to en
2021-10-23T12:43:26+00:00 NOTICE action_scheduler.queue_job :: MailChimp_WooCommerce_Cart_Update queued :: obj_id b14d7625457cf7b98cce6d6bc1cd8b68
2021-10-23T12:43:55+00:00 NOTICE abandoned_cart.success :: email: junioracc.dorgora@gmail.com :: checkout_url: https://dorgora.com/checkout/?mc_cart_id=b14d7625457cf7b98cce6d6bc1cd8b68
2021-10-23T12:44:14+00:00 NOTICE action_scheduler.queue_job :: MailChimp_WooCommerce_Cart_Update queued :: obj_id b14d7625457cf7b98cce6d6bc1cd8b68
2021-10-23T12:44:25+00:00 NOTICE abandoned_cart.success :: email: junioracc.dorgora@gmail.com :: checkout_url: https://dorgora.com/checkout/?mc_cart_id=b14d7625457cf7b98cce6d6bc1cd8b68
2021-10-23T12:45:44+00:00 NOTICE action_scheduler.queue_job :: MailChimp_WooCommerce_Cart_Update queued :: obj_id b14d7625457cf7b98cce6d6bc1cd8b68
2021-10-23T12:45:56+00:00 NOTICE abandoned_cart.success :: email: junioracc.dorgora@gmail.com :: checkout_url: https://dorgora.com/checkout/?mc_cart_id=b14d7625457cf7b98cce6d6bc1cd8b68
2021-10-23T12:48:55+00:00 NOTICE action_scheduler.queue_job :: MailChimp_WooCommerce_Cart_Update queued :: obj_id b14d7625457cf7b98cce6d6bc1cd8b68
2021-10-23T12:48:57+00:00 NOTICE abandoned_cart.success :: email: junioracc.dorgora@gmail.com :: checkout_url: https://dorgora.com/checkout/?mc_cart_id=b14d7625457cf7b98cce6d6bc1cd8b68
2021-10-23T12:49:41+00:00 NOTICE action_scheduler.queue_job :: MailChimp_WooCommerce_Cart_Update queued :: obj_id b14d7625457cf7b98cce6d6bc1cd8b68
2021-10-23T12:49:58+00:00 NOTICE abandoned_cart.success :: email: junioracc.dorgora@gmail.com :: checkout_url: https://dorgora.com/checkout/?mc_cart_id=b14d7625457cf7b98cce6d6bc1cd8b68
2021-10-23T12:50:01+00:00 NOTICE action_scheduler.queue_job :: MailChimp_WooCommerce_Cart_Update queued :: obj_id b14d7625457cf7b98cce6d6bc1cd8b68
2021-10-23T12:50:46+00:00 NOTICE action_scheduler.queue_job :: MailChimp_WooCommerce_User_Submit queued :: obj_id 331
2021-10-23T12:50:46+00:00 NOTICE action_scheduler.queue_job :: MailChimp_WooCommerce_Single_Order starts in 90 seconds :: obj_id 13649
2021-10-23T12:50:58+00:00 NOTICE abandoned_cart.success :: email: junioracc.dorgora@gmail.com :: checkout_url: https://dorgora.com/checkout/?mc_cart_id=b14d7625457cf7b98cce6d6bc1cd8b68
2021-10-23T12:50:59+00:00 NOTICE member.sync :: Updated Member junioracc.dorgora@gmail.com ( merge fields only ) :: Array
(
    [merge_fields] => Array
        (
            [FNAME] => Aranya
            [LNAME] => Hasan
        )

)

2021-10-23T12:51:03+00:00 NOTICE debug :: Order ID 13649 was pending and is now processing :: Array
(
    [new_order] => 1
    [tracking] => Array
        (
            [campaign_id] => 
            [landing_site] => https://dorgora.com/wp-json/wc-analytics/admin/notes?page=1&per_page=25&type=error%2Cupdate&status=unactioned&_locale=user
        )

)

2021-10-23T12:53:00+00:00 NOTICE order.member.updated :: Updated junioracc.dorgora@gmail.com subscriber status to subscribed and language to en
2021-10-23T12:53:00+00:00 NOTICE order_submit.success :: updateStoreOrder :: #BPL-013175 :: email: junioracc.dorgora@gmail.com :: abandoned cart deleted [b14d7625457cf7b98cce6d6bc1cd8b68]
2021-10-23T12:53:05+00:00 NOTICE action_scheduler.queue_job :: MailChimp_WooCommerce_Single_Product starts in 5 seconds :: obj_id 5309
2021-10-23T12:53:13+00:00 NOTICE product_submit.success :: updateStoreProduct :: #5309
2021-10-23T12:58:11+00:00 NOTICE action_scheduler.queue_job :: MailChimp_WooCommerce_Single_Order starts in 90 seconds :: obj_id 13650
2021-10-23T12:58:31+00:00 NOTICE debug :: Order ID 13650 was pending and is now completed :: Array
(
    [new_order] => 1
    [tracking] => Array
        (
            [campaign_id] => 
            [landing_site] => https://dorgora.com/wp-admin/admin-ajax.php
        )

)

2021-10-23T13:00:01+00:00 NOTICE order.member.updated :: Updated bplmanagerhabiganj@gmail.com subscriber status to subscribed and language to en
2021-10-23T13:00:01+00:00 NOTICE order_submit.success :: updateStoreOrder :: #BPL-013176 :: email: bplmanagerhabiganj@gmail.com
2021-10-23T13:00:23+00:00 NOTICE debug :: Order ID 13649 was processing and is now on-hold :: Array
(
    [new_order] => 
    [tracking] => 
)

2021-10-23T13:00:23+00:00 NOTICE action_scheduler.queue_job :: MailChimp_WooCommerce_Single_Order starts in 90 seconds :: obj_id 13649
2021-10-23T13:02:00+00:00 NOTICE order.member.updated :: Updated junioracc.dorgora@gmail.com subscriber status to subscribed and language to 
2021-10-23T13:02:00+00:00 NOTICE order_submit.success :: updateStoreOrder :: #BPL-013175 :: email: junioracc.dorgora@gmail.com
2021-10-23T13:02:29+00:00 NOTICE action_scheduler.queue_job :: MailChimp_WooCommerce_Single_Order starts in 90 seconds :: obj_id 13649
2021-10-23T13:04:56+00:00 NOTICE order.member.updated :: Updated junioracc.dorgora@gmail.com subscriber status to subscribed and language to 
2021-10-23T13:04:56+00:00 NOTICE order_submit.success :: updateStoreOrder :: #BPL-013175 :: email: junioracc.dorgora@gmail.com
2021-10-23T20:06:32+00:00 NOTICE action_scheduler.queue_job :: MailChimp_WooCommerce_User_Submit queued :: obj_id 366
