2021-10-03T05:07:07+00:00 NOTICE action_scheduler.queue_job :: MailChimp_WooCommerce_Single_Order starts in 90 seconds :: obj_id 13449
2021-10-03T05:07:33+00:00 NOTICE debug :: Order ID 13449 was pending and is now processing :: Array
(
    [new_order] => 1
    [tracking] => Array
        (
            [campaign_id] => 
            [landing_site] => https://dorgora.com/wp-admin/admin-ajax.php
        )

)

2021-10-03T05:09:01+00:00 NOTICE order.member.updated :: Updated shafiul.alam1986@yahoo.com subscriber status to subscribed and language to 
2021-10-03T05:09:01+00:00 NOTICE order_submit.success :: updateStoreOrder :: #BPL-013118 :: email: shafiul.alam1986@yahoo.com
2021-10-03T05:17:59+00:00 NOTICE action_scheduler.queue_job :: MailChimp_WooCommerce_Single_Order starts in 90 seconds :: obj_id 13466
2021-10-03T05:18:19+00:00 NOTICE debug :: Order ID 13466 was pending and is now processing :: Array
(
    [new_order] => 1
    [tracking] => Array
        (
            [campaign_id] => 
            [landing_site] => https://dorgora.com/wp-admin/admin-ajax.php
        )

)

2021-10-03T05:20:01+00:00 NOTICE order.member.updated :: Updated billahnorm@gmail.com subscriber status to subscribed and language to en
2021-10-03T05:20:01+00:00 NOTICE order_submit.success :: addStoreOrder :: #BPL-013122 :: email: billahnorm@gmail.com :: landing site https://dorgora.com/wp-admin/admin-ajax.php
2021-10-03T05:20:07+00:00 NOTICE action_scheduler.queue_job :: MailChimp_WooCommerce_Single_Order starts in 90 seconds :: obj_id 13467
2021-10-03T05:20:23+00:00 NOTICE debug :: Order ID 13467 was pending and is now processing :: Array
(
    [new_order] => 1
    [tracking] => Array
        (
            [campaign_id] => 
            [landing_site] => https://dorgora.com/wp-admin/admin-ajax.php
        )

)

2021-10-03T05:21:59+00:00 NOTICE order.member.updated :: Updated said.samin@gmail.com subscriber status to transactional and language to en
2021-10-03T05:21:59+00:00 NOTICE order_submit.success :: addStoreOrder :: #BPL-013123 :: email: said.samin@gmail.com :: landing site https://dorgora.com/wp-admin/admin-ajax.php
2021-10-03T05:27:24+00:00 NOTICE debug :: Order ID 13464 was processing and is now on-hold :: Array
(
    [new_order] => 
    [tracking] => 
)

2021-10-03T05:27:24+00:00 NOTICE action_scheduler.queue_job :: MailChimp_WooCommerce_Single_Order starts in 90 seconds :: obj_id 13464
2021-10-03T05:28:58+00:00 NOTICE order.member.updated :: Updated mkt1dorgora@gmail.com subscriber status to subscribed and language to 
2021-10-03T05:28:58+00:00 NOTICE order_submit.success :: updateStoreOrder :: #BPL-013121 :: email: mkt1dorgora@gmail.com
2021-10-03T05:43:55+00:00 NOTICE debug :: Order ID 13466 was processing and is now pending :: Array
(
    [new_order] => 
    [tracking] => 
)

2021-10-03T05:43:55+00:00 NOTICE action_scheduler.queue_job :: MailChimp_WooCommerce_Single_Order starts in 90 seconds :: obj_id 13466
2021-10-03T05:45:48+00:00 NOTICE order.member.updated :: Updated billahnorm@gmail.com subscriber status to subscribed and language to 
2021-10-03T05:45:48+00:00 NOTICE order_submit.success :: updateStoreOrder :: #BPL-013122 :: email: billahnorm@gmail.com
2021-10-03T05:48:33+00:00 NOTICE action_scheduler.queue_job :: MailChimp_WooCommerce_Single_Order starts in 90 seconds :: obj_id 13466
2021-10-03T05:49:10+00:00 NOTICE debug :: Order ID 13466 was pending and is now processing :: Array
(
    [new_order] => 1
    [tracking] => Array
        (
            [campaign_id] => 
            [landing_site] => https://dorgora.com/wp-admin/admin-ajax.php
        )

)

2021-10-03T05:51:05+00:00 NOTICE order.member.updated :: Updated billahnorm@gmail.com subscriber status to subscribed and language to 
2021-10-03T05:51:05+00:00 NOTICE order_submit.success :: updateStoreOrder :: #BPL-013122 :: email: billahnorm@gmail.com
2021-10-03T09:14:23+00:00 NOTICE action_scheduler.queue_job :: MailChimp_WooCommerce_Single_Product starts in 5 seconds :: obj_id 7604
2021-10-03T09:14:56+00:00 NOTICE product_submit.success :: updateStoreProduct :: #7604
2021-10-03T09:15:01+00:00 NOTICE action_scheduler.queue_job :: MailChimp_WooCommerce_Single_Product starts in 5 seconds :: obj_id 7604
2021-10-03T09:15:17+00:00 NOTICE product_submit.success :: updateStoreProduct :: #7604
2021-10-03T09:18:40+00:00 NOTICE action_scheduler.queue_job :: MailChimp_WooCommerce_Single_Order starts in 90 seconds :: obj_id 13469
2021-10-03T09:18:54+00:00 NOTICE debug :: Order ID 13469 was pending and is now processing :: Array
(
    [new_order] => 1
    [tracking] => Array
        (
            [campaign_id] => 
            [landing_site] => 
        )

)

2021-10-03T09:22:06+00:00 NOTICE order.member.updated :: Updated princesust@gmail.com subscriber status to transactional and language to en
2021-10-03T09:22:06+00:00 NOTICE order_submit.success :: addStoreOrder :: #BPL-013124 :: email: princesust@gmail.com
2021-10-03T09:27:49+00:00 NOTICE action_scheduler.queue_job :: MailChimp_WooCommerce_User_Submit queued :: obj_id 35
2021-10-03T09:27:55+00:00 NOTICE member.sync :: Updated Member hubmanager.dorgora@gmail.com ( merge fields only ) :: Array
(
    [merge_fields] => Array
        (
            [FNAME] => Shwapno
            [LNAME] => Bakul
        )

)

2021-10-03T09:50:28+00:00 NOTICE action_scheduler.queue_job :: MailChimp_WooCommerce_Single_Order starts in 90 seconds :: obj_id 13470
2021-10-03T09:51:02+00:00 NOTICE debug :: Order ID 13470 was pending and is now processing :: Array
(
    [new_order] => 1
    [tracking] => Array
        (
            [campaign_id] => 
            [landing_site] => https://dorgora.com/wp-admin/admin-ajax.php
        )

)

2021-10-03T09:51:58+00:00 NOTICE debug :: Order ID 13470 was processing and is now on-hold :: Array
(
    [new_order] => 
    [tracking] => 
)

2021-10-03T09:53:57+00:00 NOTICE system.debug :: order BPL-013125 is in on-hold status, and is being skipped for now.
2021-10-03T10:54:02+00:00 NOTICE action_scheduler.queue_job :: MailChimp_WooCommerce_Single_Product starts in 5 seconds :: obj_id 7604
2021-10-03T10:54:20+00:00 NOTICE product_submit.success :: updateStoreProduct :: #7604
2021-10-03T10:54:37+00:00 NOTICE action_scheduler.queue_job :: MailChimp_WooCommerce_Single_Product starts in 5 seconds :: obj_id 7604
2021-10-03T10:54:55+00:00 NOTICE product_submit.success :: updateStoreProduct :: #7604
2021-10-03T11:10:45+00:00 NOTICE action_scheduler.queue_job :: MailChimp_WooCommerce_Single_Order starts in 90 seconds :: obj_id 13023
2021-10-03T11:10:57+00:00 NOTICE debug :: Order ID 13023 was on-hold and is now completed :: Array
(
    [new_order] => 
    [tracking] => 
)

2021-10-03T11:11:24+00:00 NOTICE action_scheduler.queue_job :: MailChimp_WooCommerce_Single_Order starts in 90 seconds :: obj_id 13098
2021-10-03T11:11:35+00:00 NOTICE debug :: Order ID 13098 was on-hold and is now completed :: Array
(
    [new_order] => 
    [tracking] => 
)

2021-10-03T11:11:46+00:00 NOTICE action_scheduler.queue_job :: MailChimp_WooCommerce_Single_Order starts in 90 seconds :: obj_id 12663
2021-10-03T11:11:56+00:00 NOTICE debug :: Order ID 12663 was on-hold and is now completed :: Array
(
    [new_order] => 
    [tracking] => 
)

2021-10-03T11:12:50+00:00 NOTICE order.member.updated :: Updated shwapnosimi2007@gmail.com subscriber status to subscribed and language to 
2021-10-03T11:12:50+00:00 NOTICE order_submit.success :: updateStoreOrder :: #13023 :: email: shwapnosimi2007@gmail.com
2021-10-03T11:12:59+00:00 NOTICE order.member.updated :: Updated shwapnosimi2007@gmail.com subscriber status to subscribed and language to 
2021-10-03T11:12:59+00:00 NOTICE order_submit.success :: addStoreOrder :: #BPL-013094 :: email: shwapnosimi2007@gmail.com :: landing site https://dorgora.com/wp-admin/admin-ajax.php
2021-10-03T11:13:59+00:00 NOTICE order.member.updated :: Updated shwapnosimi2007@gmail.com subscriber status to subscribed and language to 
2021-10-03T11:13:59+00:00 NOTICE order_submit.success :: updateStoreOrder :: #12663 :: email: shwapnosimi2007@gmail.com
