2021-10-07T03:19:27+00:00 NOTICE action_scheduler.queue_job :: MailChimp_WooCommerce_User_Submit queued :: obj_id 29
2021-10-07T03:19:57+00:00 NOTICE member.sync :: Updated Member rrrajib1@gmail.com ( merge fields only ) :: Array
(
    [merge_fields] => Array
        (
            [FNAME] => Razib
            [LNAME] => Ahmed
        )

)

2021-10-07T03:20:19+00:00 NOTICE action_scheduler.queue_job :: MailChimp_WooCommerce_Single_Order starts in 90 seconds :: obj_id 13507
2021-10-07T03:21:58+00:00 NOTICE order.member.updated :: Updated razib.pro@gmail.com subscriber status to subscribed and language to 
2021-10-07T03:21:58+00:00 NOTICE order_submit.success :: updateStoreOrder :: #BPL-013133 :: email: razib.pro@gmail.com
2021-10-07T03:54:03+00:00 NOTICE action_scheduler.queue_job :: MailChimp_WooCommerce_Single_Product starts in 5 seconds :: obj_id 7897
2021-10-07T03:54:03+00:00 NOTICE action_scheduler.queue_job :: MailChimp_WooCommerce_Single_Product starts in 5 seconds :: obj_id 4837
2021-10-07T03:54:19+00:00 NOTICE product_submit.success :: updateStoreProduct :: #7897
2021-10-07T03:54:20+00:00 NOTICE product_submit.success :: updateStoreProduct :: #4837
2021-10-07T04:16:20+00:00 NOTICE action_scheduler.queue_job :: MailChimp_WooCommerce_Single_Product starts in 5 seconds :: obj_id 13016
2021-10-07T04:16:30+00:00 NOTICE product_submit.success :: updateStoreProduct :: #13016
2021-10-07T04:16:42+00:00 NOTICE action_scheduler.queue_job :: MailChimp_WooCommerce_Single_Product starts in 5 seconds :: obj_id 6151
2021-10-07T04:16:56+00:00 NOTICE product_submit.success :: updateStoreProduct :: #6151
2021-10-07T04:17:44+00:00 NOTICE action_scheduler.queue_job :: MailChimp_WooCommerce_Single_Order starts in 90 seconds :: obj_id 13511
2021-10-07T04:18:02+00:00 NOTICE debug :: Order ID 13511 was pending and is now processing :: Array
(
    [new_order] => 1
    [tracking] => Array
        (
            [campaign_id] => 
            [landing_site] => https://dorgora.com/wp-admin/admin-ajax.php
        )

)

2021-10-07T04:19:46+00:00 NOTICE order.member.updated :: Updated s.bilquis87@gmail.com subscriber status to subscribed and language to en
2021-10-07T04:19:46+00:00 NOTICE order_submit.success :: addStoreOrder :: #BPL-013137 :: email: s.bilquis87@gmail.com :: landing site https://dorgora.com/wp-admin/admin-ajax.php
2021-10-07T04:43:45+00:00 NOTICE action_scheduler.queue_job :: MailChimp_WooCommerce_Single_Order starts in 90 seconds :: obj_id 13512
2021-10-07T04:43:52+00:00 NOTICE debug :: Order ID 13512 was pending and is now processing :: Array
(
    [new_order] => 1
    [tracking] => Array
        (
            [campaign_id] => 
            [landing_site] => https://dorgora.com/?wc-ajax=add_to_cart
        )

)

2021-10-07T04:45:46+00:00 NOTICE validation.bad_email :: Order #BPL-013138 has an invalid email address. Skipping!
2021-10-07T07:21:13+00:00 NOTICE debug :: Order ID 13511 was processing and is now pending :: Array
(
    [new_order] => 
    [tracking] => 
)

2021-10-07T07:21:13+00:00 NOTICE action_scheduler.queue_job :: MailChimp_WooCommerce_Single_Order starts in 90 seconds :: obj_id 13511
2021-10-07T07:22:51+00:00 NOTICE order.member.updated :: Updated s.bilquis87@gmail.com subscriber status to subscribed and language to 
2021-10-07T07:22:51+00:00 NOTICE order_submit.success :: updateStoreOrder :: #BPL-013137 :: email: s.bilquis87@gmail.com
2021-10-07T07:24:43+00:00 NOTICE debug :: Order ID 13510 was processing and is now pending :: Array
(
    [new_order] => 
    [tracking] => 
)

2021-10-07T07:24:43+00:00 NOTICE action_scheduler.queue_job :: MailChimp_WooCommerce_Single_Order starts in 90 seconds :: obj_id 13510
2021-10-07T07:26:18+00:00 NOTICE validation.bad_email :: Order #BPL-013136 has an invalid email address. Skipping!
2021-10-07T07:27:16+00:00 NOTICE debug :: Order ID 13510 was pending and is now on-hold :: Array
(
    [new_order] => 
    [tracking] => 
)

2021-10-07T07:27:16+00:00 NOTICE action_scheduler.queue_job :: MailChimp_WooCommerce_Single_Order starts in 90 seconds :: obj_id 13510
2021-10-07T07:28:55+00:00 NOTICE system.debug :: order BPL-013136 is in on-hold status, and is being skipped for now.
2021-10-07T07:29:59+00:00 NOTICE debug :: Order ID 13511 was pending and is now on-hold :: Array
(
    [new_order] => 
    [tracking] => 
)

2021-10-07T07:29:59+00:00 NOTICE action_scheduler.queue_job :: MailChimp_WooCommerce_Single_Order starts in 90 seconds :: obj_id 13511
2021-10-07T07:31:58+00:00 NOTICE order.member.updated :: Updated s.bilquis87@gmail.com subscriber status to subscribed and language to 
2021-10-07T07:31:58+00:00 NOTICE order_submit.success :: updateStoreOrder :: #BPL-013137 :: email: s.bilquis87@gmail.com
2021-10-07T08:36:01+00:00 NOTICE action_scheduler.queue_job :: MailChimp_WooCommerce_Single_Product starts in 5 seconds :: obj_id 10976
2021-10-07T08:36:10+00:00 NOTICE product_submit.success :: updateStoreProduct :: #10976
2021-10-07T09:45:10+00:00 NOTICE action_scheduler.queue_job :: MailChimp_WooCommerce_Single_Product starts in 5 seconds :: obj_id 5317
2021-10-07T09:45:56+00:00 NOTICE product_submit.success :: updateStoreProduct :: #5317
2021-10-07T09:46:12+00:00 NOTICE action_scheduler.queue_job :: MailChimp_WooCommerce_Single_Product starts in 5 seconds :: obj_id 5321
2021-10-07T09:46:55+00:00 NOTICE product_submit.success :: updateStoreProduct :: #5321
2021-10-07T09:47:07+00:00 NOTICE action_scheduler.queue_job :: MailChimp_WooCommerce_Single_Product starts in 5 seconds :: obj_id 6054
2021-10-07T09:47:15+00:00 NOTICE product_submit.success :: updateStoreProduct :: #6054
2021-10-07T09:54:57+00:00 NOTICE action_scheduler.queue_job :: MailChimp_WooCommerce_Single_Product starts in 5 seconds :: obj_id 6151
2021-10-07T09:55:57+00:00 NOTICE product_submit.success :: updateStoreProduct :: #6151
