2021-10-21T04:25:16+00:00 NOTICE action_scheduler.queue_job :: MailChimp_WooCommerce_Single_Product starts in 5 seconds :: obj_id 9155
2021-10-21T04:25:30+00:00 NOTICE action_scheduler.queue_job :: MailChimp_WooCommerce_Single_Product starts in 5 seconds :: obj_id 9158
2021-10-21T04:25:49+00:00 NOTICE action_scheduler.queue_job :: MailChimp_WooCommerce_Single_Product starts in 5 seconds :: obj_id 9153
2021-10-21T04:25:52+00:00 NOTICE product_submit.success :: updateStoreProduct :: #9155
2021-10-21T04:25:53+00:00 NOTICE product_submit.success :: updateStoreProduct :: #9158
2021-10-21T04:26:00+00:00 NOTICE product_submit.success :: updateStoreProduct :: #9153
2021-10-21T04:26:15+00:00 NOTICE action_scheduler.queue_job :: MailChimp_WooCommerce_Single_Product starts in 5 seconds :: obj_id 4836
2021-10-21T04:26:42+00:00 NOTICE action_scheduler.queue_job :: MailChimp_WooCommerce_Single_Product starts in 5 seconds :: obj_id 4832
2021-10-21T04:27:01+00:00 NOTICE product_submit.success :: updateStoreProduct :: #4836
2021-10-21T04:27:02+00:00 NOTICE product_submit.success :: updateStoreProduct :: #4832
2021-10-21T04:28:05+00:00 NOTICE action_scheduler.queue_job :: MailChimp_WooCommerce_Single_Product starts in 5 seconds :: obj_id 4837
2021-10-21T04:28:14+00:00 NOTICE product_submit.success :: updateStoreProduct :: #4837
2021-10-21T05:16:43+00:00 NOTICE action_scheduler.queue_job :: MailChimp_WooCommerce_Cart_Update queued :: obj_id c320409cf8dac81d49ab263bfb24f93e
2021-10-21T05:16:57+00:00 NOTICE action_scheduler.queue_job :: MailChimp_WooCommerce_Cart_Update queued :: obj_id c320409cf8dac81d49ab263bfb24f93e
2021-10-21T05:16:59+00:00 NOTICE abandoned_cart.success :: email: marfatislam@gmail.com :: checkout_url: https://dorgora.com/checkout/?mc_cart_id=c320409cf8dac81d49ab263bfb24f93e
2021-10-21T05:17:00+00:00 NOTICE cart.member.updated :: Updated marfatislam@gmail.com subscriber status to subscribed and language to en
2021-10-21T05:17:01+00:00 NOTICE abandoned_cart.success :: email: marfatislam@gmail.com :: checkout_url: https://dorgora.com/checkout/?mc_cart_id=c320409cf8dac81d49ab263bfb24f93e
2021-10-21T05:17:08+00:00 NOTICE action_scheduler.queue_job :: MailChimp_WooCommerce_Cart_Update queued :: obj_id c320409cf8dac81d49ab263bfb24f93e
2021-10-21T05:17:49+00:00 NOTICE action_scheduler.queue_job :: MailChimp_WooCommerce_Cart_Update queued :: obj_id c320409cf8dac81d49ab263bfb24f93e
2021-10-21T05:17:50+00:00 NOTICE abandoned_cart.success :: email: marfatislam@gmail.com :: checkout_url: https://dorgora.com/checkout/?mc_cart_id=c320409cf8dac81d49ab263bfb24f93e
2021-10-21T05:17:51+00:00 NOTICE abandoned_cart.success :: email: marfatislam@gmail.com :: checkout_url: https://dorgora.com/checkout/?mc_cart_id=c320409cf8dac81d49ab263bfb24f93e
2021-10-21T05:17:54+00:00 NOTICE action_scheduler.queue_job :: MailChimp_WooCommerce_Cart_Update queued :: obj_id c320409cf8dac81d49ab263bfb24f93e
2021-10-21T05:17:57+00:00 NOTICE abandoned_cart.success :: email: marfatislam@gmail.com :: checkout_url: https://dorgora.com/checkout/?mc_cart_id=c320409cf8dac81d49ab263bfb24f93e
2021-10-21T05:17:59+00:00 NOTICE action_scheduler.queue_job :: MailChimp_WooCommerce_Cart_Update queued :: obj_id c320409cf8dac81d49ab263bfb24f93e
2021-10-21T05:19:11+00:00 NOTICE abandoned_cart.success :: email: marfatislam@gmail.com :: checkout_url: https://dorgora.com/checkout/?mc_cart_id=c320409cf8dac81d49ab263bfb24f93e
2021-10-21T05:19:26+00:00 NOTICE action_scheduler.queue_job :: MailChimp_WooCommerce_Cart_Update queued :: obj_id c320409cf8dac81d49ab263bfb24f93e
2021-10-21T05:19:57+00:00 NOTICE action_scheduler.queue_job :: MailChimp_WooCommerce_Cart_Update queued :: obj_id c320409cf8dac81d49ab263bfb24f93e
2021-10-21T05:19:57+00:00 NOTICE abandoned_cart.success :: email: marfatislam@gmail.com :: checkout_url: https://dorgora.com/checkout/?mc_cart_id=c320409cf8dac81d49ab263bfb24f93e
2021-10-21T05:19:59+00:00 NOTICE abandoned_cart.success :: email: marfatislam@gmail.com :: checkout_url: https://dorgora.com/checkout/?mc_cart_id=c320409cf8dac81d49ab263bfb24f93e
2021-10-21T05:20:04+00:00 NOTICE action_scheduler.queue_job :: MailChimp_WooCommerce_Cart_Update queued :: obj_id c320409cf8dac81d49ab263bfb24f93e
2021-10-21T05:20:11+00:00 NOTICE abandoned_cart.success :: email: marfatislam@gmail.com :: checkout_url: https://dorgora.com/checkout/?mc_cart_id=c320409cf8dac81d49ab263bfb24f93e
2021-10-21T05:30:50+00:00 NOTICE action_scheduler.queue_job :: MailChimp_WooCommerce_Single_Product starts in 5 seconds :: obj_id 7604
2021-10-21T05:30:59+00:00 NOTICE product_submit.success :: updateStoreProduct :: #7604
2021-10-21T06:13:39+00:00 NOTICE action_scheduler.queue_job :: MailChimp_WooCommerce_Single_Product starts in 5 seconds :: obj_id 5156
2021-10-21T06:13:57+00:00 NOTICE action_scheduler.queue_job :: MailChimp_WooCommerce_Single_Product starts in 5 seconds :: obj_id 11097
2021-10-21T06:13:59+00:00 NOTICE product_submit.success :: updateStoreProduct :: #5156
2021-10-21T06:14:14+00:00 NOTICE product_submit.success :: updateStoreProduct :: #11097
2021-10-21T06:36:05+00:00 NOTICE action_scheduler.queue_job :: MailChimp_WooCommerce_Single_Product starts in 5 seconds :: obj_id 7604
2021-10-21T06:36:56+00:00 NOTICE product_submit.success :: updateStoreProduct :: #7604
2021-10-21T06:44:19+00:00 NOTICE action_scheduler.queue_job :: MailChimp_WooCommerce_Single_Order starts in 90 seconds :: obj_id 13610
2021-10-21T06:44:37+00:00 NOTICE debug :: Order ID 13610 was pending and is now processing :: Array
(
    [new_order] => 1
    [tracking] => Array
        (
            [campaign_id] => 
            [landing_site] => https://dorgora.com/wp-admin/admin-ajax.php
        )

)

2021-10-21T06:44:58+00:00 NOTICE debug :: Order ID 13610 was processing and is now on-hold :: Array
(
    [new_order] => 
    [tracking] => 
)

2021-10-21T06:46:52+00:00 NOTICE system.debug :: order BPL-013168 is in on-hold status, and is being skipped for now.
2021-10-21T06:48:01+00:00 NOTICE debug :: Order ID 13610 was on-hold and is now processing :: Array
(
    [new_order] => 
    [tracking] => 
)

2021-10-21T06:48:01+00:00 NOTICE action_scheduler.queue_job :: MailChimp_WooCommerce_Single_Order starts in 90 seconds :: obj_id 13610
2021-10-21T06:49:59+00:00 NOTICE order.member.updated :: Updated rabbi.sus@gmail.com subscriber status to subscribed and language to 
2021-10-21T06:49:59+00:00 NOTICE order_submit.success :: addStoreOrder :: #BPL-013168 :: email: rabbi.sus@gmail.com
2021-10-21T06:54:50+00:00 NOTICE action_scheduler.queue_job :: MailChimp_WooCommerce_Single_Order starts in 90 seconds :: obj_id 13611
2021-10-21T06:54:59+00:00 NOTICE debug :: Order ID 13611 was pending and is now on-hold :: Array
(
    [new_order] => 
    [tracking] => 
)

2021-10-21T06:56:33+00:00 NOTICE system.debug :: order BPL-013169 is in on-hold status, and is being skipped for now.
2021-10-21T06:58:57+00:00 NOTICE action_scheduler.queue_job :: MailChimp_WooCommerce_Single_Order starts in 90 seconds :: obj_id 13612
2021-10-21T06:59:10+00:00 NOTICE debug :: Order ID 13612 was pending and is now processing :: Array
(
    [new_order] => 1
    [tracking] => Array
        (
            [campaign_id] => 
            [landing_site] => https://dorgora.com/wp-admin/admin-ajax.php
        )

)

2021-10-21T07:00:32+00:00 NOTICE order.member.updated :: Updated razib.pro@gmail.com subscriber status to subscribed and language to en
2021-10-21T07:00:32+00:00 NOTICE order_submit.success :: addStoreOrder :: #BPL-013170 :: email: razib.pro@gmail.com :: landing site https://dorgora.com/wp-admin/admin-ajax.php
2021-10-21T07:03:32+00:00 NOTICE action_scheduler.queue_job :: MailChimp_WooCommerce_Cart_Update queued :: obj_id c320409cf8dac81d49ab263bfb24f93e
2021-10-21T07:03:56+00:00 NOTICE abandoned_cart.success :: email: marfatislam@gmail.com :: checkout_url: https://dorgora.com/checkout/?mc_cart_id=c320409cf8dac81d49ab263bfb24f93e
2021-10-21T07:03:57+00:00 NOTICE cart.member.updated :: Updated marfatislam@gmail.com subscriber status to subscribed and language to en
2021-10-21T07:03:58+00:00 NOTICE action_scheduler.queue_job :: MailChimp_WooCommerce_Cart_Update queued :: obj_id c320409cf8dac81d49ab263bfb24f93e
2021-10-21T07:04:03+00:00 NOTICE abandoned_cart.success :: email: marfatislam@gmail.com :: checkout_url: https://dorgora.com/checkout/?mc_cart_id=c320409cf8dac81d49ab263bfb24f93e
2021-10-21T07:04:07+00:00 NOTICE action_scheduler.queue_job :: MailChimp_WooCommerce_Cart_Update queued :: obj_id c320409cf8dac81d49ab263bfb24f93e
2021-10-21T07:04:10+00:00 NOTICE abandoned_cart.success :: email: marfatislam@gmail.com :: checkout_url: https://dorgora.com/checkout/?mc_cart_id=c320409cf8dac81d49ab263bfb24f93e
2021-10-21T07:18:59+00:00 NOTICE action_scheduler.queue_job :: MailChimp_WooCommerce_User_Submit queued :: obj_id 35
2021-10-21T07:19:34+00:00 NOTICE member.sync :: Updated Member hubmanager.dorgora@gmail.com ( merge fields only ) :: Array
(
    [merge_fields] => Array
        (
            [FNAME] => Shwapno
            [LNAME] => Bakul
        )

)

2021-10-21T07:23:18+00:00 NOTICE debug :: Order ID 13522 was processing and is now completed :: Array
(
    [new_order] => 
    [tracking] => 
)

2021-10-21T07:23:18+00:00 NOTICE action_scheduler.queue_job :: MailChimp_WooCommerce_Single_Order starts in 90 seconds :: obj_id 13522
2021-10-21T07:24:59+00:00 NOTICE order.member.updated :: Updated Ashafuddula@gmail.com subscriber status to subscribed and language to 
2021-10-21T07:24:59+00:00 NOTICE order_submit.success :: updateStoreOrder :: #BPL-013141 :: email: Ashafuddula@gmail.com
2021-10-21T07:59:15+00:00 NOTICE action_scheduler.queue_job :: MailChimp_WooCommerce_Cart_Update queued :: obj_id c320409cf8dac81d49ab263bfb24f93e
2021-10-21T07:59:30+00:00 NOTICE action_scheduler.queue_job :: MailChimp_WooCommerce_Cart_Update queued :: obj_id c320409cf8dac81d49ab263bfb24f93e
2021-10-21T07:59:31+00:00 NOTICE abandoned_cart.success :: email: marfatislam@gmail.com :: checkout_url: https://dorgora.com/checkout/?mc_cart_id=c320409cf8dac81d49ab263bfb24f93e
2021-10-21T07:59:32+00:00 NOTICE abandoned_cart.success :: email: marfatislam@gmail.com :: checkout_url: https://dorgora.com/checkout/?mc_cart_id=c320409cf8dac81d49ab263bfb24f93e
2021-10-21T07:59:36+00:00 NOTICE action_scheduler.queue_job :: MailChimp_WooCommerce_Cart_Update queued :: obj_id c320409cf8dac81d49ab263bfb24f93e
2021-10-21T07:59:39+00:00 NOTICE abandoned_cart.success :: email: marfatislam@gmail.com :: checkout_url: https://dorgora.com/checkout/?mc_cart_id=c320409cf8dac81d49ab263bfb24f93e
2021-10-21T08:02:46+00:00 NOTICE debug :: Order ID 13611 was on-hold and is now completed :: Array
(
    [new_order] => 
    [tracking] => 
)

2021-10-21T08:02:46+00:00 NOTICE action_scheduler.queue_job :: MailChimp_WooCommerce_Single_Order starts in 90 seconds :: obj_id 13611
2021-10-21T08:05:00+00:00 NOTICE order.member.updated :: Updated s.bilquis87@gmail.com subscriber status to subscribed and language to 
2021-10-21T08:05:00+00:00 NOTICE order_submit.success :: addStoreOrder :: #BPL-013169 :: email: s.bilquis87@gmail.com
2021-10-21T09:21:40+00:00 NOTICE action_scheduler.queue_job :: MailChimp_WooCommerce_Cart_Update queued :: obj_id c320409cf8dac81d49ab263bfb24f93e
2021-10-21T09:21:55+00:00 NOTICE abandoned_cart.success :: email: marfatislam@gmail.com :: checkout_url: https://dorgora.com/checkout/?mc_cart_id=c320409cf8dac81d49ab263bfb24f93e
2021-10-21T09:21:56+00:00 NOTICE cart.member.updated :: Updated marfatislam@gmail.com subscriber status to subscribed and language to en
2021-10-21T09:35:54+00:00 NOTICE debug :: Order ID 13579 was processing and is now on-hold :: Array
(
    [new_order] => 
    [tracking] => 
)

2021-10-21T09:35:54+00:00 NOTICE action_scheduler.queue_job :: MailChimp_WooCommerce_Single_Order starts in 90 seconds :: obj_id 13579
2021-10-21T09:38:03+00:00 NOTICE order.member.updated :: Updated said.samin@gmail.com subscriber status to transactional and language to 
2021-10-21T09:38:03+00:00 NOTICE order_submit.success :: updateStoreOrder :: #BPL-013167 :: email: said.samin@gmail.com
2021-10-21T10:09:06+00:00 NOTICE action_scheduler.queue_job :: MailChimp_WooCommerce_Single_Product starts in 5 seconds :: obj_id 10153
2021-10-21T10:09:20+00:00 NOTICE product_submit.success :: updateStoreProduct :: #10153
2021-10-21T10:13:00+00:00 NOTICE action_scheduler.queue_job :: MailChimp_WooCommerce_Single_Product starts in 5 seconds :: obj_id 10153
2021-10-21T10:13:51+00:00 NOTICE product_submit.success :: updateStoreProduct :: #10153
2021-10-21T10:20:32+00:00 NOTICE action_scheduler.queue_job :: MailChimp_WooCommerce_Single_Product starts in 5 seconds :: obj_id 10153
2021-10-21T10:20:56+00:00 NOTICE product_submit.success :: updateStoreProduct :: #10153
2021-10-21T10:22:41+00:00 NOTICE action_scheduler.queue_job :: MailChimp_WooCommerce_Single_Product starts in 5 seconds :: obj_id 10153
2021-10-21T10:22:56+00:00 NOTICE product_submit.success :: updateStoreProduct :: #10153
2021-10-21T10:55:23+00:00 NOTICE action_scheduler.queue_job :: MailChimp_WooCommerce_Single_Product starts in 5 seconds :: obj_id 10153
2021-10-21T10:56:00+00:00 NOTICE product_submit.success :: updateStoreProduct :: #10153
2021-10-21T11:34:40+00:00 NOTICE action_scheduler.queue_job :: MailChimp_WooCommerce_Single_Product starts in 5 seconds :: obj_id 10153
2021-10-21T11:34:47+00:00 NOTICE product_submit.success :: updateStoreProduct :: #10153
2021-10-21T11:37:43+00:00 NOTICE action_scheduler.queue_job :: MailChimp_WooCommerce_Single_Product starts in 5 seconds :: obj_id 9158
2021-10-21T11:38:02+00:00 NOTICE product_submit.success :: updateStoreProduct :: #9158
2021-10-21T11:52:59+00:00 NOTICE action_scheduler.queue_job :: MailChimp_WooCommerce_Single_Product starts in 5 seconds :: obj_id 9158
2021-10-21T11:53:30+00:00 NOTICE product_submit.success :: updateStoreProduct :: #9158
2021-10-21T11:53:46+00:00 NOTICE action_scheduler.queue_job :: MailChimp_WooCommerce_Single_Product starts in 5 seconds :: obj_id 9155
2021-10-21T11:53:56+00:00 NOTICE product_submit.success :: updateStoreProduct :: #9155
2021-10-21T11:54:16+00:00 NOTICE action_scheduler.queue_job :: MailChimp_WooCommerce_Single_Product starts in 5 seconds :: obj_id 9153
2021-10-21T11:54:32+00:00 NOTICE product_submit.success :: updateStoreProduct :: #9153
2021-10-21T11:55:10+00:00 NOTICE action_scheduler.queue_job :: MailChimp_WooCommerce_Single_Product starts in 5 seconds :: obj_id 9151
2021-10-21T11:55:35+00:00 NOTICE product_submit.success :: updateStoreProduct :: #9151
2021-10-21T11:55:47+00:00 NOTICE action_scheduler.queue_job :: MailChimp_WooCommerce_Single_Product starts in 5 seconds :: obj_id 9149
2021-10-21T11:55:55+00:00 NOTICE product_submit.success :: updateStoreProduct :: #9149
2021-10-21T11:56:24+00:00 NOTICE action_scheduler.queue_job :: MailChimp_WooCommerce_Single_Product starts in 5 seconds :: obj_id 6054
2021-10-21T11:56:41+00:00 NOTICE product_submit.success :: updateStoreProduct :: #6054
2021-10-21T11:56:56+00:00 NOTICE action_scheduler.queue_job :: MailChimp_WooCommerce_Single_Product starts in 5 seconds :: obj_id 4837
2021-10-21T11:57:52+00:00 NOTICE product_submit.success :: updateStoreProduct :: #4837
2021-10-21T11:58:23+00:00 NOTICE action_scheduler.queue_job :: MailChimp_WooCommerce_Single_Product starts in 5 seconds :: obj_id 4836
2021-10-21T11:58:55+00:00 NOTICE product_submit.success :: updateStoreProduct :: #4836
2021-10-21T11:59:47+00:00 NOTICE action_scheduler.queue_job :: MailChimp_WooCommerce_Single_Product starts in 5 seconds :: obj_id 4833
2021-10-21T11:59:55+00:00 NOTICE product_submit.success :: updateStoreProduct :: #4833
2021-10-21T12:15:51+00:00 NOTICE debug :: Order ID 13612 was processing and is now on-hold :: Array
(
    [new_order] => 
    [tracking] => 
)

2021-10-21T12:15:51+00:00 NOTICE action_scheduler.queue_job :: MailChimp_WooCommerce_Single_Order starts in 90 seconds :: obj_id 13612
2021-10-21T12:16:06+00:00 NOTICE action_scheduler.queue_job :: MailChimp_WooCommerce_Single_Order starts in 90 seconds :: obj_id 13610
2021-10-21T12:16:18+00:00 NOTICE debug :: Order ID 13610 was processing and is now completed :: Array
(
    [new_order] => 
    [tracking] => 
)

2021-10-21T12:17:33+00:00 NOTICE order.member.updated :: Updated razib.pro@gmail.com subscriber status to subscribed and language to 
2021-10-21T12:17:33+00:00 NOTICE order_submit.success :: updateStoreOrder :: #BPL-013170 :: email: razib.pro@gmail.com
2021-10-21T12:17:43+00:00 NOTICE order.member.updated :: Updated rabbi.sus@gmail.com subscriber status to subscribed and language to 
2021-10-21T12:17:43+00:00 NOTICE order_submit.success :: updateStoreOrder :: #BPL-013168 :: email: rabbi.sus@gmail.com
2021-10-21T12:20:29+00:00 NOTICE action_scheduler.queue_job :: MailChimp_WooCommerce_Cart_Update queued :: obj_id c320409cf8dac81d49ab263bfb24f93e
2021-10-21T12:20:40+00:00 NOTICE abandoned_cart.success :: email: marfatislam@gmail.com :: checkout_url: https://dorgora.com/checkout/?mc_cart_id=c320409cf8dac81d49ab263bfb24f93e
2021-10-21T12:20:41+00:00 NOTICE cart.member.updated :: Updated marfatislam@gmail.com subscriber status to subscribed and language to en
2021-10-21T12:21:41+00:00 NOTICE action_scheduler.queue_job :: MailChimp_WooCommerce_Cart_Update queued :: obj_id c320409cf8dac81d49ab263bfb24f93e
2021-10-21T12:22:02+00:00 NOTICE abandoned_cart.success :: email: marfatislam@gmail.com :: checkout_url: https://dorgora.com/checkout/?mc_cart_id=c320409cf8dac81d49ab263bfb24f93e
2021-10-21T12:23:12+00:00 NOTICE action_scheduler.queue_job :: MailChimp_WooCommerce_User_Submit queued :: obj_id 126
2021-10-21T12:23:12+00:00 NOTICE action_scheduler.queue_job :: MailChimp_WooCommerce_Single_Order starts in 90 seconds :: obj_id 13625
2021-10-21T12:23:26+00:00 NOTICE debug :: Order ID 13625 was pending and is now processing :: Array
(
    [new_order] => 1
    [tracking] => Array
        (
            [campaign_id] => 
            [landing_site] => https://dorgora.com/?wc-ajax=get_refreshed_fragments
        )

)

2021-10-21T12:23:42+00:00 NOTICE member.sync :: Updated Member marfatislam@gmail.com ( merge fields only ) :: Array
(
    [merge_fields] => Array
        (
            [FNAME] => Md.Marfat
            [LNAME] => Ali
        )

)

2021-10-21T12:24:18+00:00 NOTICE debug :: Order ID 13625 was processing and is now pending :: Array
(
    [new_order] => 
    [tracking] => 
)

2021-10-21T12:25:03+00:00 NOTICE debug :: Order ID 13625 was pending and is now completed :: Array
(
    [new_order] => 1
    [tracking] => Array
        (
            [campaign_id] => 
            [landing_site] => https://dorgora.com/?wc-ajax=get_refreshed_fragments
        )

)

2021-10-21T12:27:01+00:00 NOTICE order.member.updated :: Updated marfatislam@gmail.com subscriber status to subscribed and language to en
2021-10-21T12:27:01+00:00 NOTICE order_submit.success :: addStoreOrder :: #BPL-013171 :: email: marfatislam@gmail.com :: landing site https://dorgora.com/?wc-ajax=get_refreshed_fragments :: abandoned cart deleted [c320409cf8dac81d49ab263bfb24f93e]
2021-10-21T12:29:47+00:00 NOTICE action_scheduler.queue_job :: MailChimp_WooCommerce_Single_Product starts in 5 seconds :: obj_id 13420
2021-10-21T12:29:57+00:00 NOTICE product_submit.success :: updateStoreProduct :: #13420
